<?xml version="1.0" encoding="UTF-8"?>
<!-- Generated by org.testng.reporters.JUnitXMLReporter -->
<testsuite ignored="0" hostname="Nom-31" failures="0" tests="6" name="Default test" time="205.205" errors="0" timestamp="2022-03-12T15:25:10 IST">
  <testcase classname="_1743PayrollDSB.TC774_779CheckPayroll_DefferedClient" name="Deffered_Overdue" time="36.499"/>
  <testcase classname="_1743PayrollDSB.TC774_779CheckPayroll_DefferedClient" name="Deffered_1week" time="31.747"/>
  <testcase classname="_1743PayrollDSB.TC774_779CheckPayroll_DefferedClient" name="Deffered_1Month" time="31.091"/>
  <testcase classname="_1743PayrollDSB.TC774_779CheckPayroll_DefferedClient" name="Deffered_2Month" time="31.012"/>
  <testcase classname="_1743PayrollDSB.TC774_779CheckPayroll_DefferedClient" name="Deffered_3_6Month" time="31.679"/>
  <testcase classname="_1743PayrollDSB.TC774_779CheckPayroll_DefferedClient" name="Deffered_6plusMonth" time="31.231"/>
</testsuite> <!-- Default test -->
