<?xml version="1.0" encoding="UTF-8"?>
<!-- Generated by org.testng.reporters.JUnitXMLReporter -->
<testsuite ignored="9" hostname="Nom-31" failures="0" tests="32" name="_1748Test" time="1863.342" errors="0" timestamp="2022-01-31T03:27:52 IST">
  <testcase classname="_1748RunPayrollfromAgent.TC809_811RunPayrollTable" name="runPayrollPageTable" time="24.513"/>
  <testcase classname="_1748RunPayrollfromAgent.TC809_811RunPayrollTable" name="runPayrollPageAccMngrinAlphabetic" time="26.502"/>
  <testcase classname="_1748RunPayrollfromAgent.TC809_811RunPayrollTable" name="runPayrollPageShowSelectedAccoutMngrClient" time="30.248"/>
  <testcase classname="_1748RunPayrollfromAgent.TC732_737CheckPayroll_AwaitingReviewClient2" name="AwaitingReview_Overdue" time="34.125"/>
  <testcase classname="_1748RunPayrollfromAgent.TC732_737CheckPayroll_AwaitingReviewClient2" name="AwaitingReview_1week" time="34.35"/>
  <testcase classname="_1748RunPayrollfromAgent.TC732_737CheckPayroll_AwaitingReviewClient2" name="AwaitingReview_1Month" time="34.729"/>
  <testcase classname="_1748RunPayrollfromAgent.TC732_737CheckPayroll_AwaitingReviewClient2" name="AwaitingReview_2Month" time="35.23"/>
  <testcase classname="_1748RunPayrollfromAgent.TC732_737CheckPayroll_AwaitingReviewClient2" name="AwaitingReview_3_6Month" time="34.744"/>
  <testcase classname="_1748RunPayrollfromAgent.TC732_737CheckPayroll_AwaitingReviewClient2" name="AwaitingReview_6plusMonth" time="34.031"/>
  <testcase classname="_1748RunPayrollfromAgent.TC726_731CheckPayroll_OnHoldClient1" name="OnHold_Overdue" time="34.242"/>
  <testcase classname="_1748RunPayrollfromAgent.TC726_731CheckPayroll_OnHoldClient1" name="OnHold_1week" time="34.775"/>
  <testcase classname="_1748RunPayrollfromAgent.TC726_731CheckPayroll_OnHoldClient1" name="OnHold_1Month" time="33.797"/>
  <testcase classname="_1748RunPayrollfromAgent.TC726_731CheckPayroll_OnHoldClient1" name="OnHold_2Month" time="35.95"/>
  <testcase classname="_1748RunPayrollfromAgent.TC726_731CheckPayroll_OnHoldClient1" name="OnHold_3_6Month" time="34.208"/>
  <testcase classname="_1748RunPayrollfromAgent.TC726_731CheckPayroll_OnHoldClient1" name="OnHold_6plusMonth" time="33.811"/>
  <testcase classname="_1748RunPayrollfromAgent.TC792_808AgentRunPayrollPDF_EE" name="runPayrollPopup" time="30.278"/>
  <testcase classname="_1748RunPayrollfromAgent.TC792_808AgentRunPayrollPDF_EE" name="AgentRunPayrollPDF_EE" time="74.038"/>
  <testcase classname="_1748RunPayrollfromAgent.TC792_808AgentRunPayrollPDF_EE" name="AgentRunPayrollZIP_EE" time="74.251"/>
  <testcase classname="_1748RunPayrollfromAgent.TC792_808AgentRunPayrollPDF_EE" name="AgentRunPayrollNoProt_EE" time="75.153"/>
  <testcase classname="_1748RunPayrollfromAgent.TC792_808AgentRunPayrollPDF_EE" name="AgentRunPayrollPDF_ER" time="74.003"/>
  <testcase classname="_1748RunPayrollfromAgent.TC792_808AgentRunPayrollPDF_EE" name="AgentRunPayrollZIP_ER" time="73.641"/>
  <testcase classname="_1748RunPayrollfromAgent.TC792_808AgentRunPayrollPDF_EE" name="AgentRunPayrollNoProt_ER" time="73.684"/>
  <testcase classname="_1748RunPayrollfromAgent.TC792_808AgentRunPayrollPDF_EE" name="AgentRunPayrollPDF_Both" time="73.943"/>
  <testcase classname="_1748RunPayrollfromAgent.TC792_808AgentRunPayrollPDF_EE" name="AgentRunPayrollZIP_Both" time="73.607"/>
  <testcase classname="_1748RunPayrollfromAgent.TC792_808AgentRunPayrollPDF_EE" name="AgentRunPayrollNoProt_Both" time="73.506"/>
  <testcase classname="_1748RunPayrollfromAgent.TC792_808AgentRunPayrollPDF_EE" name="AgentRunPayrollPDF_Dont" time="73.601"/>
  <testcase classname="_1748RunPayrollfromAgent.TC792_808AgentRunPayrollPDF_EE" name="AgentRunPayrollZIP_Dont" time="74.203"/>
  <testcase classname="_1748RunPayrollfromAgent.TC792_808AgentRunPayrollPDF_EE" name="AgentRunPayrollNoProt_Dont" time="76.512"/>
  <testcase classname="_1748RunPayrollfromAgent.TC792_808AgentRunPayrollPDF_EE" name="AgentRunPayrollPDF_EEwithRTI" time="98.828"/>
  <testcase classname="_1748RunPayrollfromAgent.TC792_808AgentRunPayrollPDF_EE" name="AgentRunPayrollZIP_ERwithRTI" time="99.395"/>
  <testcase classname="_1748RunPayrollfromAgent.TC792_808AgentRunPayrollPDF_EE" name="AgentRunPayrollPDF_BothWithRTI" time="100.176"/>
  <testcase classname="_1748RunPayrollfromAgent.TC792_808AgentRunPayrollPDF_EE" name="runPayrollPopupNoRTI" time="62.441"/>
  <testcase classname="tests.TestBase" name="@AfterSuite closeReporter" time="0.0">
    <ignored/>
  </testcase> <!-- @AfterSuite closeReporter -->
  <testcase classname="tests.TestBase" name="@AfterSuite closeReporter" time="0.0">
    <ignored/>
  </testcase> <!-- @AfterSuite closeReporter -->
  <testcase classname="tests.TestBase" name="@AfterSuite closeReporter" time="0.0">
    <ignored/>
  </testcase> <!-- @AfterSuite closeReporter -->
  <testcase classname="tests.TestBase" name="@BeforeSuite setupReporter" time="0.0">
    <ignored/>
  </testcase> <!-- @BeforeSuite setupReporter -->
  <testcase classname="tests.TestBase" name="@BeforeSuite setupReporter" time="0.0">
    <ignored/>
  </testcase> <!-- @BeforeSuite setupReporter -->
  <testcase classname="tests.TestBase" name="@BeforeSuite setupReporter" time="0.0">
    <ignored/>
  </testcase> <!-- @BeforeSuite setupReporter -->
  <testcase classname="tests.TestBase" name="@BeforeSuite allocateData" time="0.0">
    <ignored/>
  </testcase> <!-- @BeforeSuite allocateData -->
  <testcase classname="tests.TestBase" name="@BeforeSuite allocateData" time="0.0">
    <ignored/>
  </testcase> <!-- @BeforeSuite allocateData -->
  <testcase classname="tests.TestBase" name="@BeforeSuite allocateData" time="0.0">
    <ignored/>
  </testcase> <!-- @BeforeSuite allocateData -->
</testsuite> <!-- _1748Test -->
