<?xml version="1.0" encoding="UTF-8"?>
<!-- Generated by org.testng.reporters.JUnitXMLReporter -->
<testsuite ignored="3" hostname="Nom-31" failures="0" tests="23" name="_1748Test" time="984.453" errors="0" timestamp="2022-03-14T03:29:49 IST">
  <testcase classname="_1748RunPayrollfromAgent.TC726_731CheckPayroll_OnHoldClient1" name="OnHold_Overdue" time="32.254"/>
  <testcase classname="_1748RunPayrollfromAgent.TC726_731CheckPayroll_OnHoldClient1" name="OnHold_1week" time="30.718"/>
  <testcase classname="_1748RunPayrollfromAgent.TC726_731CheckPayroll_OnHoldClient1" name="OnHold_1Month" time="30.637"/>
  <testcase classname="_1748RunPayrollfromAgent.TC726_731CheckPayroll_OnHoldClient1" name="OnHold_2Month" time="32.458"/>
  <testcase classname="_1748RunPayrollfromAgent.TC726_731CheckPayroll_OnHoldClient1" name="OnHold_3_6Month" time="30.922"/>
  <testcase classname="_1748RunPayrollfromAgent.TC726_731CheckPayroll_OnHoldClient1" name="OnHold_6plusMonth" time="31.601"/>
  <testcase classname="_1748RunPayrollfromAgent.TC792_808AgentRunPayrollPDF_EE" name="runPayrollPopup" time="19.729"/>
  <testcase classname="_1748RunPayrollfromAgent.TC792_808AgentRunPayrollPDF_EE" name="AgentRunPayrollPDF_EE" time="46.612"/>
  <testcase classname="_1748RunPayrollfromAgent.TC792_808AgentRunPayrollPDF_EE" name="AgentRunPayrollZIP_EE" time="45.994"/>
  <testcase classname="_1748RunPayrollfromAgent.TC792_808AgentRunPayrollPDF_EE" name="AgentRunPayrollNoProt_EE" time="46.32"/>
  <testcase classname="_1748RunPayrollfromAgent.TC792_808AgentRunPayrollPDF_EE" name="AgentRunPayrollPDF_ER" time="46.512"/>
  <testcase classname="_1748RunPayrollfromAgent.TC792_808AgentRunPayrollPDF_EE" name="AgentRunPayrollZIP_ER" time="46.635"/>
  <testcase classname="_1748RunPayrollfromAgent.TC792_808AgentRunPayrollPDF_EE" name="AgentRunPayrollNoProt_ER" time="45.835"/>
  <testcase classname="_1748RunPayrollfromAgent.TC792_808AgentRunPayrollPDF_EE" name="AgentRunPayrollPDF_Both" time="47.539"/>
  <testcase classname="_1748RunPayrollfromAgent.TC792_808AgentRunPayrollPDF_EE" name="AgentRunPayrollZIP_Both" time="46.816"/>
  <testcase classname="_1748RunPayrollfromAgent.TC792_808AgentRunPayrollPDF_EE" name="AgentRunPayrollNoProt_Both" time="47.235"/>
  <testcase classname="_1748RunPayrollfromAgent.TC792_808AgentRunPayrollPDF_EE" name="AgentRunPayrollPDF_Dont" time="46.959"/>
  <testcase classname="_1748RunPayrollfromAgent.TC792_808AgentRunPayrollPDF_EE" name="AgentRunPayrollZIP_Dont" time="45.903"/>
  <testcase classname="_1748RunPayrollfromAgent.TC792_808AgentRunPayrollPDF_EE" name="AgentRunPayrollNoProt_Dont" time="47.062"/>
  <testcase classname="_1748RunPayrollfromAgent.TC792_808AgentRunPayrollPDF_EE" name="AgentRunPayrollPDF_EEwithRTI" time="47.979"/>
  <testcase classname="_1748RunPayrollfromAgent.TC792_808AgentRunPayrollPDF_EE" name="AgentRunPayrollZIP_ERwithRTI" time="47.375"/>
  <testcase classname="_1748RunPayrollfromAgent.TC792_808AgentRunPayrollPDF_EE" name="AgentRunPayrollPDF_BothWithRTI" time="47.212"/>
  <testcase classname="_1748RunPayrollfromAgent.TC792_808AgentRunPayrollPDF_EE" name="runPayrollPopupNoRTI" time="19.44"/>
  <testcase classname="tests.TestBase" name="@AfterSuite closeReporter" time="0.0">
    <ignored/>
  </testcase> <!-- @AfterSuite closeReporter -->
  <testcase classname="tests.TestBase" name="@BeforeSuite setupReporter" time="0.0">
    <ignored/>
  </testcase> <!-- @BeforeSuite setupReporter -->
  <testcase classname="tests.TestBase" name="@BeforeSuite allocateData" time="0.0">
    <ignored/>
  </testcase> <!-- @BeforeSuite allocateData -->
</testsuite> <!-- _1748Test -->
