<?xml version="1.0" encoding="UTF-8"?>
<!-- Generated by org.testng.reporters.JUnitXMLReporter -->
<testsuite ignored="3" hostname="Nom-31" failures="0" tests="5" name="_1956Test" time="256.855" errors="0" timestamp="2022-03-14T06:31:01 IST">
  <testcase classname="_1956Test.TC324_326_1956LeaveManagement" name="GoToUrlAssertUrlClickAddLeavePositiveSelectselectEmployeePositiveSelectselectLeaveTypePositive" time="55.238"/>
  <testcase classname="_1956Test.TC324_326_1956LeaveManagement" name="GoToUrlAssertUrlClickAddLeavePositiveSelectselectEmployeePositiveSelectselectLeaveTypePositive1" time="51.595"/>
  <testcase classname="_1956Test.TC324_326_1956LeaveManagement" name="GoToUrlAssertUrlClickAddLeavePositiveSelectselectEmployeePositiveSelectselectLeaveTypePositive2" time="42.675"/>
  <testcase classname="_1956Test.TC327_328_1956LeaveNegativBalance" name="GoToUrlAssertUrlClickAddLeavePositiveSelectselectEmployeePositiveSelectselectLeaveTypePositive1" time="44.786"/>
  <testcase classname="_1956Test.TC327_328_1956LeaveNegativBalance" name="GoToUrlAssertUrlClickAddLeavePositiveSelectselectEmployeePositiveSelectselectLeaveTypePositive2" time="45.666"/>
  <testcase classname="tests.TestBase" name="@AfterSuite closeReporter" time="0.0">
    <ignored/>
  </testcase> <!-- @AfterSuite closeReporter -->
  <testcase classname="tests.TestBase" name="@BeforeSuite setupReporter" time="0.0">
    <ignored/>
  </testcase> <!-- @BeforeSuite setupReporter -->
  <testcase classname="tests.TestBase" name="@BeforeSuite allocateData" time="0.0">
    <ignored/>
  </testcase> <!-- @BeforeSuite allocateData -->
</testsuite> <!-- _1956Test -->
