<?xml version="1.0" encoding="UTF-8"?>
<!-- Generated by org.testng.reporters.JUnitXMLReporter -->
<testsuite ignored="9" hostname="Nom-31" failures="0" tests="4" name="_1995Test" time="93.465" errors="0" timestamp="2022-03-14T06:39:50 IST">
  <testcase classname="_1995subContractorPayReportTest.TC202subcontractorPayReportDump" name="GoToUrlAssertUrlPositiveEnterEnterUsernamePositiveEnterEnterpasswordClickLoginButtonGoToUrlAs1" time="20.24"/>
  <testcase classname="_1995subContractorPayReportTest.TC201subcontractorPayReportNoPay" name="GoToUrlAssertUrlPositiveEnterEnterUsernamePositiveEnterEnterpasswordClickLoginButtonGoToUrlAs1" time="20.943"/>
  <testcase classname="_1995subContractorPayReportTest.TC203subcontractorPayReportNoPayDump" name="GoToUrlAssertUrlPositiveEnterEnterUsernamePositiveEnterEnterpasswordClickLoginButtonGoToUrlAs1" time="20.78"/>
  <testcase classname="_1995subContractorPayReportTest.TC200subcontractorPayReport" name="GoToUrlAssertUrlPositiveEnterEnterUsernamePositiveEnterEnterpasswordClickLoginButtonGoToUrlAs1" time="20.714"/>
  <testcase classname="tests.TestBase" name="@AfterSuite closeReporter" time="0.0">
    <ignored/>
  </testcase> <!-- @AfterSuite closeReporter -->
  <testcase classname="tests.TestBase" name="@AfterSuite closeReporter" time="0.0">
    <ignored/>
  </testcase> <!-- @AfterSuite closeReporter -->
  <testcase classname="tests.TestBase" name="@AfterSuite closeReporter" time="0.0">
    <ignored/>
  </testcase> <!-- @AfterSuite closeReporter -->
  <testcase classname="tests.TestBase" name="@BeforeSuite setupReporter" time="0.0">
    <ignored/>
  </testcase> <!-- @BeforeSuite setupReporter -->
  <testcase classname="tests.TestBase" name="@BeforeSuite setupReporter" time="0.0">
    <ignored/>
  </testcase> <!-- @BeforeSuite setupReporter -->
  <testcase classname="tests.TestBase" name="@BeforeSuite setupReporter" time="0.0">
    <ignored/>
  </testcase> <!-- @BeforeSuite setupReporter -->
  <testcase classname="tests.TestBase" name="@BeforeSuite allocateData" time="0.0">
    <ignored/>
  </testcase> <!-- @BeforeSuite allocateData -->
  <testcase classname="tests.TestBase" name="@BeforeSuite allocateData" time="0.0">
    <ignored/>
  </testcase> <!-- @BeforeSuite allocateData -->
  <testcase classname="tests.TestBase" name="@BeforeSuite allocateData" time="0.0">
    <ignored/>
  </testcase> <!-- @BeforeSuite allocateData -->
</testsuite> <!-- _1995Test -->
