<?xml version="1.0" encoding="UTF-8"?>
<!-- Generated by org.testng.reporters.JUnitXMLReporter -->
<testsuite ignored="21" hostname="Nom-31" failures="0" tests="8" name="_2134Test" time="340.278" errors="0" timestamp="2021-12-06T21:28:03 IST">
  <testcase classname="_2134StarterDetail.TC654LeaverAndStarterDetailinReports" name="GoToUrlAssertUrlClickclickAllowancesSchemesClickmarkYesClickclickSaveClickgotoPayrollDashboard" time="41.498"/>
  <testcase classname="_2134StarterDetail.TC657StarterDateinXML" name="GoToUrlAssertUrlClickgotoReportsClickclickP11ClickgetLELAmountClickgetPTAmountClickgetUELAmou" time="37.999"/>
  <testcase classname="_2134StarterDetail.TC661StarterDetailnotVisibleReportsof2Weekly" name="GoToUrlAssertUrlClickclickAllowancesSchemesClickmarkYesClickclickSaveClickgotoPayrollDashboard" time="39.693"/>
  <testcase classname="_2134StarterDetail.TC659StarterDetailnotVisibleReportsofWeekly" name="GoToUrlAssertUrlClickclickAllowancesSchemesClickmarkYesClickclickSaveClickgotoPayrollDashboard" time="39.808"/>
  <testcase classname="_2134StarterDetail.TC660LeaverDetailnotVisibleReportsof4Weekly" name="GoToUrlAssertUrlClickclickAllowancesSchemesClickmarkYesClickclickSaveClickgotoPayrollDashboard" time="39.199"/>
  <testcase classname="_2134StarterDetail.TC658StarterDetailinReportsofWeekly" name="GoToUrlAssertUrlClickclickAllowancesSchemesClickmarkYesClickclickSaveClickgotoPayrollDashboard" time="40.056"/>
  <testcase classname="_2134StarterDetail.TC656LeaverAndStarterDetailinReports" name="GoToUrlAssertUrlClickclickAllowancesSchemesClickmarkYesClickclickSaveClickgotoPayrollDashboard" time="40.28"/>
  <testcase classname="_2134StarterDetail.TC655StarterDateinXML" name="GoToUrlAssertUrlClickgotoReportsClickclickP11ClickgetLELAmountClickgetPTAmountClickgetUELAmou" time="38.151"/>
  <testcase classname="tests.TestBase" name="@AfterSuite closeReporter" time="0.0">
    <ignored/>
  </testcase> <!-- @AfterSuite closeReporter -->
  <testcase classname="tests.TestBase" name="@AfterSuite closeReporter" time="0.0">
    <ignored/>
  </testcase> <!-- @AfterSuite closeReporter -->
  <testcase classname="tests.TestBase" name="@AfterSuite closeReporter" time="0.0">
    <ignored/>
  </testcase> <!-- @AfterSuite closeReporter -->
  <testcase classname="tests.TestBase" name="@AfterSuite closeReporter" time="0.0">
    <ignored/>
  </testcase> <!-- @AfterSuite closeReporter -->
  <testcase classname="tests.TestBase" name="@AfterSuite closeReporter" time="0.0">
    <ignored/>
  </testcase> <!-- @AfterSuite closeReporter -->
  <testcase classname="tests.TestBase" name="@AfterSuite closeReporter" time="0.0">
    <ignored/>
  </testcase> <!-- @AfterSuite closeReporter -->
  <testcase classname="tests.TestBase" name="@AfterSuite closeReporter" time="0.0">
    <ignored/>
  </testcase> <!-- @AfterSuite closeReporter -->
  <testcase classname="tests.TestBase" name="@BeforeSuite setupReporter" time="0.0">
    <ignored/>
  </testcase> <!-- @BeforeSuite setupReporter -->
  <testcase classname="tests.TestBase" name="@BeforeSuite setupReporter" time="0.0">
    <ignored/>
  </testcase> <!-- @BeforeSuite setupReporter -->
  <testcase classname="tests.TestBase" name="@BeforeSuite setupReporter" time="0.0">
    <ignored/>
  </testcase> <!-- @BeforeSuite setupReporter -->
  <testcase classname="tests.TestBase" name="@BeforeSuite setupReporter" time="0.0">
    <ignored/>
  </testcase> <!-- @BeforeSuite setupReporter -->
  <testcase classname="tests.TestBase" name="@BeforeSuite setupReporter" time="0.0">
    <ignored/>
  </testcase> <!-- @BeforeSuite setupReporter -->
  <testcase classname="tests.TestBase" name="@BeforeSuite setupReporter" time="0.0">
    <ignored/>
  </testcase> <!-- @BeforeSuite setupReporter -->
  <testcase classname="tests.TestBase" name="@BeforeSuite setupReporter" time="0.0">
    <ignored/>
  </testcase> <!-- @BeforeSuite setupReporter -->
  <testcase classname="tests.TestBase" name="@BeforeSuite allocateData" time="0.0">
    <ignored/>
  </testcase> <!-- @BeforeSuite allocateData -->
  <testcase classname="tests.TestBase" name="@BeforeSuite allocateData" time="0.0">
    <ignored/>
  </testcase> <!-- @BeforeSuite allocateData -->
  <testcase classname="tests.TestBase" name="@BeforeSuite allocateData" time="0.0">
    <ignored/>
  </testcase> <!-- @BeforeSuite allocateData -->
  <testcase classname="tests.TestBase" name="@BeforeSuite allocateData" time="0.0">
    <ignored/>
  </testcase> <!-- @BeforeSuite allocateData -->
  <testcase classname="tests.TestBase" name="@BeforeSuite allocateData" time="0.0">
    <ignored/>
  </testcase> <!-- @BeforeSuite allocateData -->
  <testcase classname="tests.TestBase" name="@BeforeSuite allocateData" time="0.0">
    <ignored/>
  </testcase> <!-- @BeforeSuite allocateData -->
  <testcase classname="tests.TestBase" name="@BeforeSuite allocateData" time="0.0">
    <ignored/>
  </testcase> <!-- @BeforeSuite allocateData -->
</testsuite> <!-- _2134Test -->
