<?xml version="1.0" encoding="UTF-8"?>
<!-- Generated by org.testng.reporters.JUnitXMLReporter -->
<testsuite ignored="0" hostname="Nom-31" failures="0" tests="1" name="CDBetweenTxYrLowFilingmngmnt_DefaultProfile" time="40.682" errors="0" timestamp="2021-05-13T14:51:08 IST">
  <testcase classname="Company_Director_Tests.CDBetweenTxYrLowFilingmngmnt_DefaultProfile" name="GoToUrlAssertUrlClickgotoReportsClickclickP11ClickgetLELAmountClickgetPTAmountClickgetUELAmou" time="34.297"/>
</testsuite> <!-- CDBetweenTxYrLowFilingmngmnt_DefaultProfile -->
