<?xml version="1.0" encoding="UTF-8"?>
<!-- Generated by org.testng.reporters.JUnitXMLReporter -->
<testsuite ignored="0" hostname="Nom-31" failures="0" tests="1" name="subscriptAllowenceSchemewithpaymentMngmnt_DefaultProfile" time="48.215" errors="0" timestamp="2021-05-06T13:54:05 IST">
  <testcase classname="Quaterly_Paye_Scheme_test.subscriptAllowenceSchemewithpaymentMngmnt_DefaultProfile" name="GoToUrlAssertUrlPositiveEnterEnterUsernamePositiveEnterEnterpasswordClickLoginButtonGoToUrlAs" time="42.036"/>
</testsuite> <!-- subscriptAllowenceSchemewithpaymentMngmnt_DefaultProfile -->
