<?xml version="1.0" encoding="UTF-8"?>
<!-- Generated by org.testng.reporters.JUnitXMLReporter -->
<testsuite ignored="0" hostname="Nom-31" failures="0" tests="1" name="subScriptFrwklytoMnthly_DefaultProfile" time="72.999" errors="0" timestamp="2021-05-06T14:08:27 IST">
  <testcase classname="frequencytest.subScriptFrwklytoMnthly_DefaultProfile" name="GoToUrlAssertUrlPositiveEnterEnterUsernamePositiveEnterEnterpasswordClickLoginButtonGoToUrlAs1" time="66.884"/>
</testsuite> <!-- subScriptFrwklytoMnthly_DefaultProfile -->
