<?xml version="1.0" encoding="UTF-8"?>
<!-- Generated by org.testng.reporters.JUnitXMLReporter -->
<testsuite ignored="0" hostname="Nom-31" failures="0" tests="1" name="subScriptPayFrequency_DefaultProfile" time="62.889" errors="0" timestamp="2021-05-06T13:39:23 IST">
  <testcase classname="tests.subScriptPayFrequency_DefaultProfile" name="GoToUrlAssertUrlPositiveEnterEnterUsernamePositiveEnterEnterpasswordClickLoginButtonGoToUrlAs1" time="56.573"/>
</testsuite> <!-- subScriptPayFrequency_DefaultProfile -->
