<?xml version="1.0" encoding="UTF-8"?>
<!-- Generated by org.testng.reporters.JUnitXMLReporter -->
<testsuite ignored="0" hostname="Nom-31" failures="0" tests="1" name="T142TC08_SER_ReportsSumarry_EPS" time="46.675" errors="0" timestamp="2021-12-06T14:08:58 IST">
  <testcase classname="SmallerEmployertest.T142TC08_SER_ReportsSumarry_EPS" name="GoToUrlAssertUrlClickclickAllowancesSchemesClickselectYestosmallERClickselectNotosmallERClickc" time="43.751"/>
</testsuite> <!-- T142TC08_SER_ReportsSumarry_EPS -->
