<?xml version="1.0" encoding="UTF-8"?>
<!-- Generated by org.testng.reporters.JUnitXMLReporter -->
<testsuite ignored="0" hostname="Nom-31" failures="0" tests="1" name="T146TC11_SER_MidYrReportsSumarry_EPS" time="44.125" errors="0" timestamp="2022-03-10T22:24:02 IST">
  <testcase classname="SmallerEmployertest.T146TC11_SER_MidYrReportsSumarry_EPS" name="GoToUrlAssertUrlClickclickAllowancesSchemesClickselectYestosmallERClickselectNotosmallERClickc" time="41.227"/>
</testsuite> <!-- T146TC11_SER_MidYrReportsSumarry_EPS -->
