<?xml version="1.0" encoding="UTF-8"?>
<!-- Generated by org.testng.reporters.JUnitXMLReporter -->
<testsuite ignored="0" hostname="Nom-31" failures="0" tests="1" name="T156TC03_1760_ERNI_MaxEmpAllow_DefaultProfile" time="58.436" errors="0" timestamp="2021-12-21T02:16:17 IST">
  <testcase classname="_1760ER_Allow.T156TC03_1760_ERNI_MaxEmpAllow_DefaultProfile" name="GoToUrlAssertUrlPositiveEnterEnterUsernamePositiveEnterEnterpasswordClickLoginButtonGoToUrlAs" time="56.467"/>
</testsuite> <!-- T156TC03_1760_ERNI_MaxEmpAllow_DefaultProfile -->
