<?xml version="1.0" encoding="UTF-8"?>
<!-- Generated by org.testng.reporters.JUnitXMLReporter -->
<testsuite ignored="0" hostname="Nom-31" failures="0" tests="1" name="T158TC06_1760_ERNI_EPSGen_DefaultProfile" time="61.858" errors="0" timestamp="2021-12-06T12:33:57 IST">
  <testcase classname="_1760ER_Allow.T158TC06_1760_ERNI_EPSGen_DefaultProfile" name="GoToUrlAssertUrlPositiveEnterEnterUsernamePositiveEnterEnterpasswordClickLoginButtonGoToUrlAs" time="59.213"/>
</testsuite> <!-- T158TC06_1760_ERNI_EPSGen_DefaultProfile -->
