<?xml version="1.0" encoding="UTF-8"?>
<!-- Generated by org.testng.reporters.JUnitXMLReporter -->
<testsuite ignored="0" hostname="Nom-31" failures="0" tests="1" name="T39CIS_With_Enable_PaySchemetest" time="49.939" errors="0" timestamp="2022-03-10T22:16:58 IST">
  <testcase classname="Quaterly_Paye_Scheme_test.T39CIS_With_Enable_PaySchemetest" name="GoToUrlAssertUrlPositiveEnterEnterUsernamePositiveEnterEnterpasswordClickLoginButtonGoToUrlAs" time="47.295"/>
</testsuite> <!-- T39CIS_With_Enable_PaySchemetest -->
