<?xml version="1.0" encoding="UTF-8"?>
<!-- Generated by org.testng.reporters.JUnitXMLReporter -->
<testsuite ignored="0" hostname="Nom-31" failures="0" tests="1" name="T88TC6CDJoiningBeforeTxYr_DefaultProfile" time="45.783" errors="0" timestamp="2021-11-10T19:24:24 IST">
  <testcase classname="Company_Director_Tests.T88TC6CDJoiningBeforeTxYr_DefaultProfile" name="GoToUrlAssertUrlClickgotoReportsClickclickP11ClickgetLELAmountClickgetPTAmountClickgetUELAmou" time="43.378"/>
</testsuite> <!-- T88TC6CDJoiningBeforeTxYr_DefaultProfile -->
