<?xml version="1.0" encoding="UTF-8"?>
<!-- Generated by org.testng.reporters.JUnitXMLReporter -->
<testsuite ignored="0" hostname="Nom-31" failures="0" tests="1" name="T89TC6CDJoiningBeforeTxYr_DefaultProfile2" time="44.817" errors="0" timestamp="2021-12-06T13:07:32 IST">
  <testcase classname="Company_Director_Tests.T89TC6CDJoiningBeforeTxYr_DefaultProfile2" name="GoToUrlAssertUrlClickgotoReportsClickclickP11ClickgetLELAmountClickgetPTAmountClickgetUELAmou" time="42.714"/>
</testsuite> <!-- T89TC6CDJoiningBeforeTxYr_DefaultProfile2 -->
