<?xml version="1.0" encoding="UTF-8"?>
<!-- Generated by org.testng.reporters.JUnitXMLReporter -->
<testsuite ignored="0" hostname="Nom-31" failures="0" tests="1" name="T90TC6CDJoiningBeforeTxYr_DefaultProfile3" time="42.741" errors="0" timestamp="2021-12-21T02:51:46 IST">
  <testcase classname="Company_Director_Tests.T90TC6CDJoiningBeforeTxYr_DefaultProfile3" name="GoToUrlAssertUrlClickgotoReportsClickclickP11ClickgetLELAmountClickgetPTAmountClickgetUELAmou" time="40.545"/>
</testsuite> <!-- T90TC6CDJoiningBeforeTxYr_DefaultProfile3 -->
