<?xml version="1.0" encoding="UTF-8"?>
<!-- Generated by org.testng.reporters.JUnitXMLReporter -->
<testsuite ignored="0" hostname="Nom-31" failures="0" tests="1" name="T91TC7_CD_Alt_JoiningBetweenTxYr_DefaultProfile1" time="40.322" errors="0" timestamp="2021-12-06T13:08:57 IST">
  <testcase classname="Company_Director_Tests.T91TC7_CD_Alt_JoiningBetweenTxYr_DefaultProfile1" name="GoToUrlAssertUrlClickgotoReportsClickclickP11ClickgetLELAmountClickgetPTAmountClickgetUELAmou" time="38.183"/>
</testsuite> <!-- T91TC7_CD_Alt_JoiningBetweenTxYr_DefaultProfile1 -->
