<?xml version="1.0" encoding="UTF-8"?>
<!-- Generated by org.testng.reporters.JUnitXMLReporter -->
<testsuite ignored="0" hostname="Nom-31" failures="0" tests="1" name="T92TC7_CD_Alt_JoiningBetweenTxYr_DefaultProfile2" time="40.197" errors="0" timestamp="2021-12-21T02:53:17 IST">
  <testcase classname="Company_Director_Tests.T92TC7_CD_Alt_JoiningBetweenTxYr_DefaultProfile2" name="GoToUrlAssertUrlClickgotoReportsClickclickP11ClickgetLELAmountClickgetPTAmountClickgetUELAmou" time="37.715"/>
</testsuite> <!-- T92TC7_CD_Alt_JoiningBetweenTxYr_DefaultProfile2 -->
