<?xml version="1.0" encoding="UTF-8"?>
<!-- Generated by org.testng.reporters.JUnitXMLReporter -->
<testsuite ignored="0" hostname="Nom-31" failures="0" tests="1" name="T94TC8_CD_Alt_ResignBetweenTxYr_DefaultProfile1" time="38.693" errors="0" timestamp="2021-12-21T02:54:40 IST">
  <testcase classname="Company_Director_Tests.T94TC8_CD_Alt_ResignBetweenTxYr_DefaultProfile1" name="GoToUrlAssertUrlClickgotoReportsClickclickP11ClickgetLELAmountClickgetPTAmountClickgetUELAmou" time="36.478"/>
</testsuite> <!-- T94TC8_CD_Alt_ResignBetweenTxYr_DefaultProfile1 -->
