<?xml version="1.0" encoding="UTF-8"?>
<!-- Generated by org.testng.reporters.JUnitXMLReporter -->
<testsuite ignored="0" hostname="Nom-31" failures="0" tests="1" name="T95TC8_CD_Alt_ResignBetweenTxYr_DefaultProfile2" time="45.196" errors="0" timestamp="2021-12-06T13:11:52 IST">
  <testcase classname="Company_Director_Tests.T95TC8_CD_Alt_ResignBetweenTxYr_DefaultProfile2" name="GoToUrlAssertUrlClickgotoReportsClickclickP11ClickgetLELAmountClickgetPTAmountClickgetUELAmou" time="41.679"/>
</testsuite> <!-- T95TC8_CD_Alt_ResignBetweenTxYr_DefaultProfile2 -->
