<?xml version="1.0" encoding="UTF-8"?>
<!-- Generated by org.testng.reporters.JUnitXMLReporter -->
<testsuite ignored="0" hostname="Nom-31" failures="0" tests="1" name="T96TC8_CD_Alt_ResignBetweenTxYr_DefaultProfile3" time="44.336" errors="0" timestamp="2021-12-21T02:56:06 IST">
  <testcase classname="Company_Director_Tests.T96TC8_CD_Alt_ResignBetweenTxYr_DefaultProfile3" name="GoToUrlAssertUrlClickgotoReportsClickclickP11ClickgetLELAmountClickgetPTAmountClickgetUELAmou" time="42.08"/>
</testsuite> <!-- T96TC8_CD_Alt_ResignBetweenTxYr_DefaultProfile3 -->
