<?xml version="1.0" encoding="UTF-8"?>
<!-- Generated by org.testng.reporters.JUnitXMLReporter -->
<testsuite ignored="0" hostname="Nom-31" failures="0" tests="1" name="TC05EmpApperenticeafterFirstYear" time="68.268" errors="0" timestamp="2021-12-21T02:23:48 IST">
  <testcase classname="_1918NMW_Alert.TC05EmpApperenticeafterFirstYear" name="GoToUrlAssertUrlPositiveEnterEnterUsernamePositiveEnterEnterpasswordClickLoginButtonGoToUrlAs" time="65.917"/>
</testsuite> <!-- TC05EmpApperenticeafterFirstYear -->
