<?xml version="1.0" encoding="UTF-8"?>
<!-- Generated by org.testng.reporters.JUnitXMLReporter -->
<testsuite ignored="0" hostname="Nom-31" failures="0" tests="1" name="TC05LeaverSubscript_DefaultProfileWrongDate" time="36.275" errors="0" timestamp="2021-12-21T04:16:16 IST">
  <testcase classname="tests.TC05LeaverSubscript_DefaultProfileWrongDate" name="GoToUrlAssertUrlPositiveEnterEnterUsernamePositiveEnterEnterpasswordClickLoginButtonGoToUrlAs1" time="34.034"/>
</testsuite> <!-- TC05LeaverSubscript_DefaultProfileWrongDate -->
