<?xml version="1.0" encoding="UTF-8"?>
<!-- Generated by org.testng.reporters.JUnitXMLReporter -->
<testsuite ignored="0" hostname="Nom-31" failures="0" tests="1" name="TC05EmpApperenticeafterFirstYear" time="78.976" errors="0" timestamp="2022-01-30T15:27:27 IST">
  <testcase classname="_1918NMW_Alert.TC05EmpApperenticeafterFirstYear" name="GoToUrlAssertUrlPositiveEnterEnterUsernamePositiveEnterEnterpasswordClickLoginButtonGoToUrlAs" time="76.454"/>
</testsuite> <!-- TC05EmpApperenticeafterFirstYear -->
