<?xml version="1.0" encoding="UTF-8"?>
<!-- Generated by org.testng.reporters.JUnitXMLReporter -->
<testsuite ignored="0" hostname="Nom-31" failures="0" tests="1" name="TC06over22andEmpApperenticeafterFirstYear" time="77.085" errors="0" timestamp="2022-01-30T15:28:44 IST">
  <testcase classname="_1918NMW_Alert.TC06over22andEmpApperenticeafterFirstYear" name="GoToUrlAssertUrlPositiveEnterEnterUsernamePositiveEnterEnterpasswordClickLoginButtonGoToUrlAs" time="74.56"/>
</testsuite> <!-- TC06over22andEmpApperenticeafterFirstYear -->
