<?xml version="1.0" encoding="UTF-8"?>
<!-- Generated by org.testng.reporters.JUnitXMLReporter -->
<testsuite ignored="0" hostname="Nom-31" failures="0" tests="1" name="TC112verifyEmail_DefaultProfile" time="41.784" errors="0" timestamp="2022-03-10T23:12:06 IST">
  <testcase classname="verifyEmailsDataTest.TC112verifyEmail_DefaultProfile" name="GoToUrlAssertUrlClickRunPayroll1PositiveSelectSelecttoMainContactClickRunPayroll2ClickopenPayr" time="38.829"/>
</testsuite> <!-- TC112verifyEmail_DefaultProfile -->
