<?xml version="1.0" encoding="UTF-8"?>
<!-- Generated by org.testng.reporters.JUnitXMLReporter -->
<testsuite ignored="0" hostname="Nom-31" failures="0" tests="1" name="TC11_AutoRunPayrollErrorMsgChecked" time="66.05" errors="0" timestamp="2021-12-06T14:56:50 IST">
  <testcase classname="_1939_tests.TC11_AutoRunPayrollErrorMsgChecked" name="GoToUrlAssertUrlPositiveEnterEnterUsernamePositiveEnterEnterpasswordClickLoginButtonGoToUrlAs" time="62.995"/>
</testsuite> <!-- TC11_AutoRunPayrollErrorMsgChecked -->
