<?xml version="1.0" encoding="UTF-8"?>
<!-- Generated by org.testng.reporters.JUnitXMLReporter -->
<testsuite ignored="0" hostname="Nom-31" failures="0" tests="1" name="TC12over21andEmpApperenticeInFirstYear" time="68.054" errors="0" timestamp="2021-12-21T02:31:40 IST">
  <testcase classname="_1918NMW_Alert.TC12over21andEmpApperenticeInFirstYear" name="GoToUrlAssertUrlPositiveEnterEnterUsernamePositiveEnterEnterpasswordClickLoginButtonGoToUrlAs" time="65.815"/>
</testsuite> <!-- TC12over21andEmpApperenticeInFirstYear -->
