<?xml version="1.0" encoding="UTF-8"?>
<!-- Generated by org.testng.reporters.JUnitXMLReporter -->
<testsuite ignored="0" hostname="Nom-31" failures="0" tests="1" name="TC14over19andEmpApperenticeInFirstYear" time="66.854" errors="0" timestamp="2021-12-06T12:49:47 IST">
  <testcase classname="_1918NMW_Alert.TC14over19andEmpApperenticeInFirstYear" name="GoToUrlAssertUrlPositiveEnterEnterUsernamePositiveEnterEnterpasswordClickLoginButtonGoToUrlAs" time="64.337"/>
</testsuite> <!-- TC14over19andEmpApperenticeInFirstYear -->
