<?xml version="1.0" encoding="UTF-8"?>
<!-- Generated by org.testng.reporters.JUnitXMLReporter -->
<testsuite ignored="0" hostname="Nom-31" failures="0" tests="1" name="TC144_SER_MidYearWhenEnable" time="42.211" errors="0" timestamp="2021-11-10T20:36:29 IST">
  <testcase classname="SmallerEmployertest.TC144_SER_MidYearWhenEnable" name="GoToUrlAssertUrlClickclickAllowancesSchemesClickselectYestosmallERClickselectNotosmallERClickc" time="39.626"/>
</testsuite> <!-- TC144_SER_MidYearWhenEnable -->
