<?xml version="1.0" encoding="UTF-8"?>
<!-- Generated by org.testng.reporters.JUnitXMLReporter -->
<testsuite ignored="0" hostname="Nom-31" failures="0" tests="1" name="TC188sendEmailfrompayslipToBoth" time="48.206" errors="0" timestamp="2021-11-10T21:27:36 IST">
  <testcase classname="_1957PagingandSorting.TC188sendEmailfrompayslipToBoth" name="GoToUrlAssertUrlPositiveEnterEnterUsernamePositiveEnterEnterpasswordClickLoginButtonGoToUrlAs1" time="44.858"/>
</testsuite> <!-- TC188sendEmailfrompayslipToBoth -->
