<?xml version="1.0" encoding="UTF-8"?>
<!-- Generated by org.testng.reporters.JUnitXMLReporter -->
<testsuite ignored="0" hostname="Nom-31" failures="0" tests="1" name="TC185sendEmailduringPayrolltoMainContact" time="59.373" errors="0" timestamp="2021-12-21T04:46:38 IST">
  <testcase classname="_1957PagingandSorting.TC185sendEmailduringPayrolltoMainContact" name="GoToUrlAssertUrlPositiveEnterEnterUsernamePositiveEnterEnterpasswordClickLoginButtonGoToUrlAs1" time="56.915"/>
</testsuite> <!-- TC185sendEmailduringPayrolltoMainContact -->
