<?xml version="1.0" encoding="UTF-8"?>
<!-- Generated by org.testng.reporters.JUnitXMLReporter -->
<testsuite ignored="0" hostname="Nom-31" failures="0" tests="1" name="TC187sendEmailfrompayslipToER" time="46.457" errors="0" timestamp="2021-11-10T21:26:48 IST">
  <testcase classname="_1957PagingandSorting.TC187sendEmailfrompayslipToER" name="GoToUrlAssertUrlPositiveEnterEnterUsernamePositiveEnterEnterpasswordClickLoginButtonGoToUrlAs1" time="43.585"/>
</testsuite> <!-- TC187sendEmailfrompayslipToER -->
