<?xml version="1.0" encoding="UTF-8"?>
<!-- Generated by org.testng.reporters.JUnitXMLReporter -->
<testsuite ignored="0" hostname="Nom-31" failures="0" tests="1" name="TC187sendEmailfrompayslipToER" time="50.412" errors="0" timestamp="2022-03-10T23:19:56 IST">
  <testcase classname="_1957PagingandSorting.TC187sendEmailfrompayslipToER" name="GoToUrlAssertUrlPositiveEnterEnterUsernamePositiveEnterEnterpasswordClickLoginButtonGoToUrlAs1" time="47.888"/>
</testsuite> <!-- TC187sendEmailfrompayslipToER -->
