<?xml version="1.0" encoding="UTF-8"?>
<!-- Generated by org.testng.reporters.JUnitXMLReporter -->
<testsuite ignored="0" hostname="Nom-31" failures="0" tests="1" name="TC199VerifySubContrwithoutNI_n_UTR" time="43.408" errors="0" timestamp="2022-01-30T18:23:35 IST">
  <testcase classname="_1399subContr.TC199VerifySubContrwithoutNI_n_UTR" name="GoToUrlAssertUrlPositiveEnterEnterUsernamePositiveEnterEnterpasswordClickLoginButtonGoToUrlAs1" time="41.066"/>
</testsuite> <!-- TC199VerifySubContrwithoutNI_n_UTR -->
