<?xml version="1.0" encoding="UTF-8"?>
<!-- Generated by org.testng.reporters.JUnitXMLReporter -->
<testsuite ignored="0" hostname="Nom-31" failures="0" tests="1" name="TC19subscriptEmployerOpeningBalance_DefaultProfile" time="54.462" errors="0" timestamp="2021-11-10T21:06:30 IST">
  <testcase classname="tests.TC19subscriptEmployerOpeningBalance_DefaultProfile" name="GoToUrlAssertUrlPositiveEnterEnterUsernamePositiveEnterEnterpasswordClickLoginButtonGoToUrlAs" time="51.617"/>
</testsuite> <!-- TC19subscriptEmployerOpeningBalance_DefaultProfile -->
