<?xml version="1.0" encoding="UTF-8"?>
<!-- Generated by org.testng.reporters.JUnitXMLReporter -->
<testsuite ignored="0" hostname="Nom-31" failures="0" tests="1" name="TC194VerifySubContrwithNI_n_UTR_20" time="41.579" errors="0" timestamp="2021-11-10T21:33:25 IST">
  <testcase classname="_1399subContr.TC194VerifySubContrwithNI_n_UTR_20" name="GoToUrlAssertUrlPositiveEnterEnterUsernamePositiveEnterEnterpasswordClickLoginButtonGoToUrlAs1" time="38.934"/>
</testsuite> <!-- TC194VerifySubContrwithNI_n_UTR_20 -->
