<?xml version="1.0" encoding="UTF-8"?>
<!-- Generated by org.testng.reporters.JUnitXMLReporter -->
<testsuite ignored="0" hostname="Nom-31" failures="0" tests="1" name="TC204verifysummaryreportforMonthly" time="49.885" errors="0" timestamp="2021-12-06T15:20:26 IST">
  <testcase classname="_1756PayrollSummary.TC204verifysummaryreportforMonthly" name="GoToUrlAssertUrlClickclickAllowancesSchemesClickmarkYesClickclickSaveClickgotoPayrollDashboard" time="47.411"/>
</testsuite> <!-- TC204verifysummaryreportforMonthly -->
