<?xml version="1.0" encoding="UTF-8"?>
<!-- Generated by org.testng.reporters.JUnitXMLReporter -->
<testsuite ignored="0" hostname="Nom-31" failures="0" tests="1" name="TC206verifysummaryreportforMonthlyinMailDump" time="51.893" errors="0" timestamp="2022-01-30T18:30:29 IST">
  <testcase classname="_1756PayrollSummary.TC206verifysummaryreportforMonthlyinMailDump" name="GoToUrlAssertUrlClickclickAllowancesSchemesClickmarkYesClickclickSaveClickgotoPayrollDashboard" time="49.507"/>
</testsuite> <!-- TC206verifysummaryreportforMonthlyinMailDump -->
