<?xml version="1.0" encoding="UTF-8"?>
<!-- Generated by org.testng.reporters.JUnitXMLReporter -->
<testsuite ignored="0" hostname="Nom-31" failures="0" tests="1" name="TC202subcontractorPayReportDump" time="29.301" errors="0" timestamp="2021-12-06T15:23:45 IST">
  <testcase classname="_1995subContractorPayReportTest.TC202subcontractorPayReportDump" name="GoToUrlAssertUrlPositiveEnterEnterUsernamePositiveEnterEnterpasswordClickLoginButtonGoToUrlAs1" time="26.692"/>
</testsuite> <!-- TC202subcontractorPayReportDump -->
