<?xml version="1.0" encoding="UTF-8"?>
<!-- Generated by org.testng.reporters.JUnitXMLReporter -->
<testsuite ignored="0" hostname="Nom-31" failures="0" tests="1" name="TC203subcontractorPayReportNoPayDump" time="29.102" errors="0" timestamp="2021-11-10T21:43:41 IST">
  <testcase classname="_1995subContractorPayReportTest.TC203subcontractorPayReportNoPayDump" name="GoToUrlAssertUrlPositiveEnterEnterUsernamePositiveEnterEnterpasswordClickLoginButtonGoToUrlAs1" time="26.771"/>
</testsuite> <!-- TC203subcontractorPayReportNoPayDump -->
