<?xml version="1.0" encoding="UTF-8"?>
<!-- Generated by org.testng.reporters.JUnitXMLReporter -->
<testsuite ignored="0" hostname="Nom-31" failures="0" tests="1" name="TC200subcontractorPayReport" time="37.973" errors="0" timestamp="2021-12-06T15:22:45 IST">
  <testcase classname="_1995subContractorPayReportTest.TC200subcontractorPayReport" name="GoToUrlAssertUrlPositiveEnterEnterUsernamePositiveEnterEnterpasswordClickLoginButtonGoToUrlAs1" time="35.525"/>
</testsuite> <!-- TC200subcontractorPayReport -->
