<?xml version="1.0" encoding="UTF-8"?>
<!-- Generated by org.testng.reporters.JUnitXMLReporter -->
<testsuite ignored="0" hostname="Nom-31" failures="0" tests="1" name="TC209VerifySubContrwithoutNI_n_UTRDump" time="46.902" errors="0" timestamp="2021-12-21T04:58:15 IST">
  <testcase classname="_1399subContr.TC209VerifySubContrwithoutNI_n_UTRDump" name="GoToUrlAssertUrlPositiveEnterEnterUsernamePositiveEnterEnterpasswordClickLoginButtonGoToUrlAs1" time="44.676"/>
</testsuite> <!-- TC209VerifySubContrwithoutNI_n_UTRDump -->
