<?xml version="1.0" encoding="UTF-8"?>
<!-- Generated by org.testng.reporters.JUnitXMLReporter -->
<testsuite ignored="0" hostname="Nom-31" failures="0" tests="1" name="TC216verifysummaryreportforMonthJune" time="45.145" errors="0" timestamp="2022-03-10T23:37:39 IST">
  <testcase classname="_1756PayrollSummary.TC216verifysummaryreportforMonthJune" name="GoToUrlAssertUrlClickclickAllowancesSchemesClickmarkYesClickclickSaveClickgotoPayrollDashboard" time="42.561"/>
</testsuite> <!-- TC216verifysummaryreportforMonthJune -->
