<?xml version="1.0" encoding="UTF-8"?>
<!-- Generated by org.testng.reporters.JUnitXMLReporter -->
<testsuite ignored="0" hostname="Nom-31" failures="0" tests="1" name="TC214verifysummaryreportforMonthApril" time="69.344" errors="0" timestamp="2022-01-30T18:36:10 IST">
  <testcase classname="_1756PayrollSummary.TC214verifysummaryreportforMonthApril" name="GoToUrlAssertUrlClickclickAllowancesSchemesClickmarkYesClickclickSaveClickgotoPayrollDashboard" time="66.464"/>
</testsuite> <!-- TC214verifysummaryreportforMonthApril -->
