<?xml version="1.0" encoding="UTF-8"?>
<!-- Generated by org.testng.reporters.JUnitXMLReporter -->
<testsuite ignored="0" hostname="Nom-31" failures="0" tests="1" name="TC222verifysummarywhenchangeToQuaterly" time="74.557" errors="0" timestamp="2022-01-30T18:44:49 IST">
  <testcase classname="_1756PayrollSummary.TC222verifysummarywhenchangeToQuaterly" name="GoToUrlAssertUrlClickclickAllowancesSchemesClickmarkYesClickclickSaveClickgotoPayrollDashboard" time="70.57"/>
</testsuite> <!-- TC222verifysummarywhenchangeToQuaterly -->
