<?xml version="1.0" encoding="UTF-8"?>
<!-- Generated by org.testng.reporters.JUnitXMLReporter -->
<testsuite ignored="0" hostname="Nom-31" failures="0" tests="1" name="TC226verifyErrorMsgWhenNoCheck" time="49.755" errors="0" timestamp="2021-12-21T05:17:47 IST">
  <testcase classname="verifyEmailsDataTest.TC226verifyErrorMsgWhenNoCheck" name="GoToUrlAssertUrlClickclickAllowancesSchemesClickmarkYesClickclickSaveClickgotoPayrollDashboard" time="47.498"/>
</testsuite> <!-- TC226verifyErrorMsgWhenNoCheck -->
