<?xml version="1.0" encoding="UTF-8"?>
<!-- Generated by org.testng.reporters.JUnitXMLReporter -->
<testsuite ignored="0" hostname="Nom-31" failures="0" tests="1" name="TC223verifysummarywhenCISinQtr" time="57.579" errors="0" timestamp="2021-11-10T21:55:02 IST">
  <testcase classname="_1756PayrollSummary.TC223verifysummarywhenCISinQtr" name="GoToUrlAssertUrlClickclickAllowancesSchemesClickmarkYesClickclickSaveClickgotoPayrollDashboard" time="54.659"/>
</testsuite> <!-- TC223verifysummarywhenCISinQtr -->
