<?xml version="1.0" encoding="UTF-8"?>
<!-- Generated by org.testng.reporters.JUnitXMLReporter -->
<testsuite ignored="0" hostname="Nom-31" failures="0" tests="1" name="TC233PreUnCheckedCompanyEmailOptioninSummary" time="54.44" errors="0" timestamp="2021-11-10T22:04:22 IST">
  <testcase classname="verifyEmailsDataTest.TC233PreUnCheckedCompanyEmailOptioninSummary" name="GoToUrlAssertUrlClickclickAllowancesSchemesClickmarkYesClickclickSaveClickgotoPayrollDashboard" time="51.941"/>
</testsuite> <!-- TC233PreUnCheckedCompanyEmailOptioninSummary -->
