<?xml version="1.0" encoding="UTF-8"?>
<!-- Generated by org.testng.reporters.JUnitXMLReporter -->
<testsuite ignored="0" hostname="Nom-31" failures="0" tests="1" name="TC239EmailHeaderWhenNoMainContactDump" time="45.45" errors="0" timestamp="2021-12-06T15:48:23 IST">
  <testcase classname="verifyEmailsDataTest.TC239EmailHeaderWhenNoMainContactDump" name="GoToUrlAssertUrlClickclickAllowancesSchemesClickmarkYesClickclickSaveClickgotoPayrollDashboard" time="42.597"/>
</testsuite> <!-- TC239EmailHeaderWhenNoMainContactDump -->
