<?xml version="1.0" encoding="UTF-8"?>
<!-- Generated by org.testng.reporters.JUnitXMLReporter -->
<testsuite ignored="0" hostname="Nom-31" failures="0" tests="1" name="TC232PreCheckedCompanyEmailOptioninSummary" time="43.459" errors="0" timestamp="2021-12-06T15:43:07 IST">
  <testcase classname="verifyEmailsDataTest.TC232PreCheckedCompanyEmailOptioninSummary" name="GoToUrlAssertUrlClickclickAllowancesSchemesClickmarkYesClickclickSaveClickgotoPayrollDashboard" time="40.574"/>
</testsuite> <!-- TC232PreCheckedCompanyEmailOptioninSummary -->
