<?xml version="1.0" encoding="UTF-8"?>
<!-- Generated by org.testng.reporters.JUnitXMLReporter -->
<testsuite ignored="0" hostname="Nom-31" failures="0" tests="1" name="TC237EmailHeaderWhenMainContactDump" time="44.646" errors="0" timestamp="2021-12-06T15:46:51 IST">
  <testcase classname="verifyEmailsDataTest.TC237EmailHeaderWhenMainContactDump" name="GoToUrlAssertUrlClickclickAllowancesSchemesClickmarkYesClickclickSaveClickgotoPayrollDashboard" time="42.204"/>
</testsuite> <!-- TC237EmailHeaderWhenMainContactDump -->
