<?xml version="1.0" encoding="UTF-8"?>
<!-- Generated by org.testng.reporters.JUnitXMLReporter -->
<testsuite ignored="0" hostname="Nom-31" failures="0" tests="1" name="TC248WrongEmailofOtherRecipient" time="44.489" errors="0" timestamp="2021-12-21T05:33:56 IST">
  <testcase classname="verifyEmailsDataTest.TC248WrongEmailofOtherRecipient" name="GoToUrlAssertUrlClickclickAllowancesSchemesClickmarkYesClickclickSaveClickgotoPayrollDashboard" time="42.22"/>
</testsuite> <!-- TC248WrongEmailofOtherRecipient -->
