<?xml version="1.0" encoding="UTF-8"?>
<!-- Generated by org.testng.reporters.JUnitXMLReporter -->
<testsuite ignored="0" hostname="Nom-31" failures="0" tests="1" name="TC241verifysummaryreportwhenMonthly" time="48.945" errors="0" timestamp="2021-12-06T15:57:02 IST">
  <testcase classname="verifySummaryReportsData.TC241verifysummaryreportwhenMonthly" name="GoToUrlAssertUrlClickclickAllowancesSchemesClickmarkYesClickclickSaveClickgotoPayrollDashboard" time="46.328"/>
</testsuite> <!-- TC241verifysummaryreportwhenMonthly -->
