<?xml version="1.0" encoding="UTF-8"?>
<!-- Generated by org.testng.reporters.JUnitXMLReporter -->
<testsuite ignored="0" hostname="Nom-31" failures="0" tests="1" name="TC242ErrorwhenUncheckCompanyemail" time="45.222" errors="0" timestamp="2021-12-21T05:29:25 IST">
  <testcase classname="verifyEmailsDataTest.TC242ErrorwhenUncheckCompanyemail" name="GoToUrlAssertUrlClickclickAllowancesSchemesClickmarkYesClickclickSaveClickgotoPayrollDashboard" time="43.037"/>
</testsuite> <!-- TC242ErrorwhenUncheckCompanyemail -->
