<?xml version="1.0" encoding="UTF-8"?>
<!-- Generated by org.testng.reporters.JUnitXMLReporter -->
<testsuite ignored="0" hostname="Nom-31" failures="0" tests="1" name="TC25subScriptEmployeePayFrequency_DefaultProfile" time="69.007" errors="0" timestamp="2022-01-30T17:29:17 IST">
  <testcase classname="test.frequency.TC25subScriptEmployeePayFrequency_DefaultProfile" name="GoToUrlAssertUrlPositiveEnterEnterUsernamePositiveEnterEnterpasswordClickLoginButtonGoToUrlAs1" time="66.528"/>
</testsuite> <!-- TC25subScriptEmployeePayFrequency_DefaultProfile -->
