<?xml version="1.0" encoding="UTF-8"?>
<!-- Generated by org.testng.reporters.JUnitXMLReporter -->
<testsuite ignored="0" hostname="Nom-31" failures="0" tests="1" name="TC253SummryWhenCISinAprforQtr" time="55.283" errors="0" timestamp="2021-12-06T16:13:56 IST">
  <testcase classname="verifySummaryReportsData.TC253SummryWhenCISinAprforQtr" name="GoToUrlAssertUrlClickclickAllowancesSchemesClickmarkYesClickclickSaveClickgotoPayrollDashboard" time="52.709"/>
</testsuite> <!-- TC253SummryWhenCISinAprforQtr -->
