<?xml version="1.0" encoding="UTF-8"?>
<!-- Generated by org.testng.reporters.JUnitXMLReporter -->
<testsuite ignored="0" hostname="Nom-31" failures="0" tests="1" name="TC259summarywhenQtr_Allowance" time="69.453" errors="0" timestamp="2021-12-06T16:15:05 IST">
  <testcase classname="verifySummaryReportsData.TC259summarywhenQtr_Allowance" name="GoToUrlAssertUrlClickclickAllowancesSchemesClickmarkYesClickclickSaveClickgotoPayrollDashboard" time="66.916"/>
</testsuite> <!-- TC259summarywhenQtr_Allowance -->
