<?xml version="1.0" encoding="UTF-8"?>
<!-- Generated by org.testng.reporters.JUnitXMLReporter -->
<testsuite ignored="0" hostname="Nom-31" failures="0" tests="1" name="TC263summarywhenSPP_Mnthly" time="72.771" errors="0" timestamp="2022-03-11T00:31:00 IST">
  <testcase classname="verifySummaryReportsData.TC263summarywhenSPP_Mnthly" name="GoToUrlAssertUrlClickclickAllowancesSchemesClickmarkYesClickclickSaveClickgotoPayrollDashboard" time="70.199"/>
</testsuite> <!-- TC263summarywhenSPP_Mnthly -->
