<?xml version="1.0" encoding="UTF-8"?>
<!-- Generated by org.testng.reporters.JUnitXMLReporter -->
<testsuite ignored="0" hostname="Nom-31" failures="0" tests="1" name="TC265summarywhenOverpayment_Mnthly" time="72.46" errors="0" timestamp="2022-03-11T00:33:27 IST">
  <testcase classname="verifySummaryReportsData.TC265summarywhenOverpayment_Mnthly" name="GoToUrlAssertUrlClickclickAllowancesSchemesClickmarkYesClickclickSaveClickgotoPayrollDashboard" time="68.271"/>
</testsuite> <!-- TC265summarywhenOverpayment_Mnthly -->
