<?xml version="1.0" encoding="UTF-8"?>
<!-- Generated by org.testng.reporters.JUnitXMLReporter -->
<testsuite ignored="0" hostname="Nom-31" failures="0" tests="1" name="TC267NIcheckSummryWhenCISinMayforQtr" time="69.307" errors="0" timestamp="2021-12-06T16:23:30 IST">
  <testcase classname="verifySummaryReportsData.TC267NIcheckSummryWhenCISinMayforQtr" name="GoToUrlAssertUrlClickclickAllowancesSchemesClickmarkYesClickclickSaveClickgotoPayrollDashboard" time="66.776"/>
</testsuite> <!-- TC267NIcheckSummryWhenCISinMayforQtr -->
