<?xml version="1.0" encoding="UTF-8"?>
<!-- Generated by org.testng.reporters.JUnitXMLReporter -->
<testsuite ignored="0" hostname="Nom-31" failures="0" tests="1" name="TC267NIcheckSummryWhenCISinMayforQtr" time="73.257" errors="0" timestamp="2022-01-30T19:40:13 IST">
  <testcase classname="verifySummaryReportsData.TC267NIcheckSummryWhenCISinMayforQtr" name="GoToUrlAssertUrlClickclickAllowancesSchemesClickmarkYesClickclickSaveClickgotoPayrollDashboard" time="70.772"/>
</testsuite> <!-- TC267NIcheckSummryWhenCISinMayforQtr -->
