<?xml version="1.0" encoding="UTF-8"?>
<!-- Generated by org.testng.reporters.JUnitXMLReporter -->
<testsuite ignored="0" hostname="Nom-31" failures="0" tests="1" name="TC261summarywhenMonthly_AllowanceinMid" time="78.141" errors="0" timestamp="2021-11-10T22:29:31 IST">
  <testcase classname="verifySummaryReportsData.TC261summarywhenMonthly_AllowanceinMid" name="GoToUrlAssertUrlClickclickAllowancesSchemesClickmarkYesClickclickSaveClickgotoPayrollDashboard" time="72.94"/>
</testsuite> <!-- TC261summarywhenMonthly_AllowanceinMid -->
