<?xml version="1.0" encoding="UTF-8"?>
<!-- Generated by org.testng.reporters.JUnitXMLReporter -->
<testsuite ignored="0" hostname="Nom-31" failures="0" tests="1" name="TC260summarywhenMonthly_Allowance" time="51.869" errors="0" timestamp="2021-12-06T16:13:01 IST">
  <testcase classname="verifySummaryReportsData.TC260summarywhenMonthly_Allowance" name="GoToUrlAssertUrlClickclickAllowancesSchemesClickmarkYesClickclickSaveClickgotoPayrollDashboard" time="48.863"/>
</testsuite> <!-- TC260summarywhenMonthly_Allowance -->
