<?xml version="1.0" encoding="UTF-8"?>
<!-- Generated by org.testng.reporters.JUnitXMLReporter -->
<testsuite ignored="0" hostname="Nom-31" failures="0" tests="1" name="TC270PaymentcheckofsummarywhenQtr_Allowance" time="80.283" errors="0" timestamp="2021-11-10T22:32:05 IST">
  <testcase classname="verifySummaryReportsData.TC270PaymentcheckofsummarywhenQtr_Allowance" name="GoToUrlAssertUrlClickclickAllowancesSchemesClickmarkYesClickclickSaveClickgotoPayrollDashboard" time="76.012"/>
</testsuite> <!-- TC270PaymentcheckofsummarywhenQtr_Allowance -->
