<?xml version="1.0" encoding="UTF-8"?>
<!-- Generated by org.testng.reporters.JUnitXMLReporter -->
<testsuite ignored="0" hostname="Nom-31" failures="0" tests="1" name="TC271checkCFofsummarywhenQtr_Allowance" time="71.564" errors="0" timestamp="2021-12-06T16:11:01 IST">
  <testcase classname="verifySummaryReportsData.TC271checkCFofsummarywhenQtr_Allowance" name="GoToUrlAssertUrlClickclickAllowancesSchemesClickmarkYesClickclickSaveClickgotoPayrollDashboard" time="68.879"/>
</testsuite> <!-- TC271checkCFofsummarywhenQtr_Allowance -->
