<?xml version="1.0" encoding="UTF-8"?>
<!-- Generated by org.testng.reporters.JUnitXMLReporter -->
<testsuite ignored="0" hostname="Nom-31" failures="0" tests="1" name="TC279chkNIofsummarywhenQtr_AllowanceinStart" time="71.427" errors="0" timestamp="2021-12-21T05:45:37 IST">
  <testcase classname="verifySummaryReportsData.TC279chkNIofsummarywhenQtr_AllowanceinStart" name="GoToUrlAssertUrlClickclickAllowancesSchemesClickmarkYesClickclickSaveClickgotoPayrollDashboard" time="69.163"/>
</testsuite> <!-- TC279chkNIofsummarywhenQtr_AllowanceinStart -->
