<?xml version="1.0" encoding="UTF-8"?>
<!-- Generated by org.testng.reporters.JUnitXMLReporter -->
<testsuite ignored="0" hostname="Nom-31" failures="0" tests="1" name="TC273chkNIofsummarywhenMonthly_Allowance" time="56.88" errors="0" timestamp="2022-01-30T19:43:21 IST">
  <testcase classname="verifySummaryReportsData.TC273chkNIofsummarywhenMonthly_Allowance" name="GoToUrlAssertUrlClickclickAllowancesSchemesClickmarkYesClickclickSaveClickgotoPayrollDashboard" time="54.329"/>
</testsuite> <!-- TC273chkNIofsummarywhenMonthly_Allowance -->
