<?xml version="1.0" encoding="UTF-8"?>
<!-- Generated by org.testng.reporters.JUnitXMLReporter -->
<testsuite ignored="0" hostname="Nom-31" failures="0" tests="1" name="TC276chkNIofsummarywhenMonthly_AllowanceinMid" time="75.187" errors="0" timestamp="2022-01-30T19:46:47 IST">
  <testcase classname="verifySummaryReportsData.TC276chkNIofsummarywhenMonthly_AllowanceinMid" name="GoToUrlAssertUrlClickclickAllowancesSchemesClickmarkYesClickclickSaveClickgotoPayrollDashboard" time="72.607"/>
</testsuite> <!-- TC276chkNIofsummarywhenMonthly_AllowanceinMid -->
