<?xml version="1.0" encoding="UTF-8"?>
<!-- Generated by org.testng.reporters.JUnitXMLReporter -->
<testsuite ignored="0" hostname="Nom-31" failures="0" tests="1" name="TC271checkCFofsummarywhenQtr_Allowance" time="81.172" errors="0" timestamp="2022-01-30T19:26:35 IST">
  <testcase classname="verifySummaryReportsData.TC271checkCFofsummarywhenQtr_Allowance" name="GoToUrlAssertUrlClickclickAllowancesSchemesClickmarkYesClickclickSaveClickgotoPayrollDashboard" time="76.089"/>
</testsuite> <!-- TC271checkCFofsummarywhenQtr_Allowance -->
