<?xml version="1.0" encoding="UTF-8"?>
<!-- Generated by org.testng.reporters.JUnitXMLReporter -->
<testsuite ignored="0" hostname="Nom-31" failures="0" tests="1" name="TC274chkPaymentsummarywhenMonthly_Allowance" time="51.006" errors="0" timestamp="2021-12-21T06:07:18 IST">
  <testcase classname="verifySummaryReportsData.TC274chkPaymentsummarywhenMonthly_Allowance" name="GoToUrlAssertUrlClickclickAllowancesSchemesClickmarkYesClickclickSaveClickgotoPayrollDashboard" time="48.753"/>
</testsuite> <!-- TC274chkPaymentsummarywhenMonthly_Allowance -->
