<?xml version="1.0" encoding="UTF-8"?>
<!-- Generated by org.testng.reporters.JUnitXMLReporter -->
<testsuite ignored="0" hostname="Nom-31" failures="0" tests="1" name="TC272chkCFofsummarywhenMonthly_Allowance" time="55.394" errors="0" timestamp="2022-01-30T19:42:24 IST">
  <testcase classname="verifySummaryReportsData.TC272chkCFofsummarywhenMonthly_Allowance" name="GoToUrlAssertUrlClickclickAllowancesSchemesClickmarkYesClickclickSaveClickgotoPayrollDashboard" time="52.976"/>
</testsuite> <!-- TC272chkCFofsummarywhenMonthly_Allowance -->
