<?xml version="1.0" encoding="UTF-8"?>
<!-- Generated by org.testng.reporters.JUnitXMLReporter -->
<testsuite ignored="0" hostname="Nom-31" failures="0" tests="1" name="TC286chkPaymentssummarywhenOverpayment_Mnthly" time="76.417" errors="0" timestamp="2022-01-30T19:55:49 IST">
  <testcase classname="verifySummaryReportsData.TC286chkPaymentssummarywhenOverpayment_Mnthly" name="GoToUrlAssertUrlClickclickAllowancesSchemesClickmarkYesClickclickSaveClickgotoPayrollDashboard" time="74.017"/>
</testsuite> <!-- TC286chkPaymentssummarywhenOverpayment_Mnthly -->
