<?xml version="1.0" encoding="UTF-8"?>
<!-- Generated by org.testng.reporters.JUnitXMLReporter -->
<testsuite ignored="0" hostname="Nom-31" failures="0" tests="1" name="TC285chkNIsummarywhenOverpayment_Mnthly" time="69.083" errors="0" timestamp="2021-12-21T06:16:41 IST">
  <testcase classname="verifySummaryReportsData.TC285chkNIsummarywhenOverpayment_Mnthly" name="GoToUrlAssertUrlClickclickAllowancesSchemesClickmarkYesClickclickSaveClickgotoPayrollDashboard" time="66.347"/>
</testsuite> <!-- TC285chkNIsummarywhenOverpayment_Mnthly -->
