<?xml version="1.0" encoding="UTF-8"?>
<!-- Generated by org.testng.reporters.JUnitXMLReporter -->
<testsuite ignored="0" hostname="Nom-31" failures="0" tests="1" name="TC28subscriptP11D_DefaultProfile" time="50.858" errors="0" timestamp="2021-11-10T21:07:21 IST">
  <testcase classname="tests1.TC28subscriptP11D_DefaultProfile" name="GoToUrlAssertUrlPositiveEnterEnterUsernamePositiveEnterEnterpasswordClickLoginButtonGoToUrlAs" time="48.409"/>
</testsuite> <!-- TC28subscriptP11D_DefaultProfile -->
