<?xml version="1.0" encoding="UTF-8"?>
<!-- Generated by org.testng.reporters.JUnitXMLReporter -->
<testsuite ignored="0" hostname="Nom-31" failures="0" tests="1" name="TC284chkCFsummarywhenOverpayment_Mnthly" time="77.407" errors="0" timestamp="2022-01-30T19:53:16 IST">
  <testcase classname="verifySummaryReportsData.TC284chkCFsummarywhenOverpayment_Mnthly" name="GoToUrlAssertUrlClickclickAllowancesSchemesClickmarkYesClickclickSaveClickgotoPayrollDashboard" time="75.043"/>
</testsuite> <!-- TC284chkCFsummarywhenOverpayment_Mnthly -->
