<?xml version="1.0" encoding="UTF-8"?>
<!-- Generated by org.testng.reporters.JUnitXMLReporter -->
<testsuite ignored="0" hostname="Nom-31" failures="0" tests="1" name="TC283chkPymntofsummarywhenSMP_Mnthly" time="74.562" errors="0" timestamp="2021-11-10T22:57:21 IST">
  <testcase classname="verifySummaryReportsData.TC283chkPymntofsummarywhenSMP_Mnthly" name="GoToUrlAssertUrlClickclickAllowancesSchemesClickmarkYesClickclickSaveClickgotoPayrollDashboard" time="69.815"/>
</testsuite> <!-- TC283chkPymntofsummarywhenSMP_Mnthly -->
