<?xml version="1.0" encoding="UTF-8"?>
<!-- Generated by org.testng.reporters.JUnitXMLReporter -->
<testsuite ignored="0" hostname="Nom-31" failures="0" tests="1" name="TC289chkPaymentofsummarywhenSPP_Mnthly" time="72.291" errors="0" timestamp="2021-12-06T16:39:44 IST">
  <testcase classname="verifySummaryReportsData.TC289chkPaymentofsummarywhenSPP_Mnthly" name="GoToUrlAssertUrlClickclickAllowancesSchemesClickmarkYesClickclickSaveClickgotoPayrollDashboard" time="69.263"/>
</testsuite> <!-- TC289chkPaymentofsummarywhenSPP_Mnthly -->
