<?xml version="1.0" encoding="UTF-8"?>
<!-- Generated by org.testng.reporters.JUnitXMLReporter -->
<testsuite ignored="0" hostname="Nom-31" failures="0" tests="1" name="TC294EmailButtonIsClickable" time="54.658" errors="0" timestamp="2022-01-30T20:22:29 IST">
  <testcase classname="verifyEmailsDataTest.TC294EmailButtonIsClickable" name="GoToUrlAssertUrlClickclickAllowancesSchemesClickmarkYesClickclickSaveClickgotoPayrollDashboard" time="52.26"/>
</testsuite> <!-- TC294EmailButtonIsClickable -->
