<?xml version="1.0" encoding="UTF-8"?>
<!-- Generated by org.testng.reporters.JUnitXMLReporter -->
<testsuite ignored="0" hostname="Nom-31" failures="0" tests="1" name="TC294EmailButtonIsClickable" time="46.283" errors="0" timestamp="2022-03-11T01:22:21 IST">
  <testcase classname="verifyEmailsDataTest.TC294EmailButtonIsClickable" name="GoToUrlAssertUrlClickclickAllowancesSchemesClickmarkYesClickclickSaveClickgotoPayrollDashboard" time="43.789"/>
</testsuite> <!-- TC294EmailButtonIsClickable -->
