<?xml version="1.0" encoding="UTF-8"?>
<!-- Generated by org.testng.reporters.JUnitXMLReporter -->
<testsuite ignored="0" hostname="Nom-31" failures="0" tests="1" name="TC29subscriptEmployerNotes_DefaultProfile" time="46.844" errors="0" timestamp="2021-11-10T21:08:08 IST">
  <testcase classname="tests1.TC29subscriptEmployerNotes_DefaultProfile" name="GoToUrlAssertUrlPositiveEnterEnterUsernamePositiveEnterEnterpasswordClickLoginButtonGoToUrlAs" time="41.816"/>
</testsuite> <!-- TC29subscriptEmployerNotes_DefaultProfile -->
