<?xml version="1.0" encoding="UTF-8"?>
<!-- Generated by org.testng.reporters.JUnitXMLReporter -->
<testsuite ignored="0" hostname="Nom-31" failures="0" tests="2" name="TC295EmailAttachmentData" time="114.504" errors="0" timestamp="2022-01-30T20:24:24 IST">
  <testcase classname="verifyEmailsDataTest.TC295EmailAttachmentData" name="GoToUrlAssertUrlClickclickAllowancesSchemesClickmarkYesClickclickSaveClickgotoPayrollDashboard1" time="52.503"/>
  <testcase classname="verifyEmailsDataTest.TC295EmailAttachmentData" name="GoToUrlAssertUrlClickclickAllowancesSchemesClickmarkYesClickclickSaveClickgotoPayrollDashboard2" time="56.584"/>
</testsuite> <!-- TC295EmailAttachmentData -->
