<?xml version="1.0" encoding="UTF-8"?>
<!-- Generated by org.testng.reporters.JUnitXMLReporter -->
<testsuite ignored="0" hostname="Nom-31" failures="0" tests="1" name="TC30subscriptPaymentManagement_DefaultProfile" time="50.435" errors="0" timestamp="2021-11-10T21:08:58 IST">
  <testcase classname="tests1.TC30subscriptPaymentManagement_DefaultProfile" name="GoToUrlAssertUrlPositiveEnterEnterUsernamePositiveEnterEnterpasswordClickLoginButtonGoToUrlAs1" time="47.679"/>
</testsuite> <!-- TC30subscriptPaymentManagement_DefaultProfile -->
