<?xml version="1.0" encoding="UTF-8"?>
<!-- Generated by org.testng.reporters.JUnitXMLReporter -->
<testsuite ignored="0" hostname="Nom-31" failures="0" tests="1" name="TC32createContractorInCIS_DefaultProfile" time="43.309" errors="0" timestamp="2021-12-06T14:51:02 IST">
  <testcase classname="tests1.TC32createContractorInCIS_DefaultProfile" name="GoToUrlAssertUrlPositiveEnterEnterUsernamePositiveEnterEnterpasswordClickLoginButtonGoToUrlAs1" time="40.915"/>
</testsuite> <!-- TC32createContractorInCIS_DefaultProfile -->
