<?xml version="1.0" encoding="UTF-8"?>
<!-- Generated by org.testng.reporters.JUnitXMLReporter -->
<testsuite ignored="0" hostname="Nom-31" failures="0" tests="1" name="TC33SubScriptAddContractor_DefaultProfile" time="24.323" errors="0" timestamp="2022-03-10T23:09:51 IST">
  <testcase classname="tests1.TC33SubScriptAddContractor_DefaultProfile" name="GoToUrlAssertUrlPositiveEnterEnterUsernamePositiveEnterEnterpasswordClickLoginButtonGoToUrlAs" time="21.968"/>
</testsuite> <!-- TC33SubScriptAddContractor_DefaultProfile -->
