<?xml version="1.0" encoding="UTF-8"?>
<!-- Generated by org.testng.reporters.JUnitXMLReporter -->
<testsuite ignored="0" hostname="Nom-31" failures="0" tests="3" name="TC338_340_1930AlternativeMidYrDirector" time="128.855" errors="0" timestamp="2021-12-21T06:51:22 IST">
  <testcase classname="_1930.TC338_340_1930AlternativeMidYrDirector" name="GoToUrlAssertUrlClickRunPayroll1ClickRunPayroll2ClickgetSuccessMsgClickUndoLastPayrollClickcl" time="40.024"/>
  <testcase classname="_1930.TC338_340_1930AlternativeMidYrDirector" name="GoToUrlAssertUrlClickRunPayroll1ClickRunPayroll2ClickgetSuccessMsgClickUndoLastPayrollClickc2" time="41.225"/>
  <testcase classname="_1930.TC338_340_1930AlternativeMidYrDirector" name="GoToUrlAssertUrlClickRunPayroll1ClickRunPayroll2ClickgetSuccessMsgClickUndoLastPayrollClickc3" time="40.189"/>
</testsuite> <!-- TC338_340_1930AlternativeMidYrDirector -->
