<?xml version="1.0" encoding="UTF-8"?>
<!-- Generated by org.testng.reporters.JUnitXMLReporter -->
<testsuite ignored="0" hostname="Nom-31" failures="0" tests="1" name="TC35subscriptAllowenceScheme_DefaultProfile" time="50.156" errors="0" timestamp="2022-03-10T22:17:49 IST">
  <testcase classname="Quaterly_Paye_Scheme_test.TC35subscriptAllowenceScheme_DefaultProfile" name="GoToUrlAssertUrlPositiveEnterEnterUsernamePositiveEnterEnterpasswordClickLoginButtonGoToUrlAs" time="47.669"/>
</testsuite> <!-- TC35subscriptAllowenceScheme_DefaultProfile -->
