<?xml version="1.0" encoding="UTF-8"?>
<!-- Generated by org.testng.reporters.JUnitXMLReporter -->
<testsuite ignored="0" hostname="Nom-31" failures="0" tests="3" name="TC374_376_1912DirLeaveDuringTxYr" time="126.365" errors="0" timestamp="2021-12-21T07:16:00 IST">
  <testcase classname="_1912.TC374_376_1912DirLeaveDuringTxYr" name="GoToUrlAssertUrlClickRunPayroll1ClickRunPayroll2ClickgetSuccessMsgClickUndoLastPayrollClickcl" time="40.711"/>
  <testcase classname="_1912.TC374_376_1912DirLeaveDuringTxYr" name="GoToUrlAssertUrlClickRunPayroll1ClickRunPayroll2ClickgetSuccessMsgClickUndoLastPayrollClickc2" time="39.68"/>
  <testcase classname="_1912.TC374_376_1912DirLeaveDuringTxYr" name="GoToUrlAssertUrlClickRunPayroll1ClickRunPayroll2ClickgetSuccessMsgClickUndoLastPayrollClickc3" time="39.142"/>
</testsuite> <!-- TC374_376_1912DirLeaveDuringTxYr -->
