<?xml version="1.0" encoding="UTF-8"?>
<!-- Generated by org.testng.reporters.JUnitXMLReporter -->
<testsuite ignored="0" hostname="Nom-31" failures="0" tests="3" name="TC386_388_1912MiddleFPSWithHighSalary" time="132.776" errors="0" timestamp="2021-12-06T17:47:14 IST">
  <testcase classname="_1912.TC386_388_1912MiddleFPSWithHighSalary" name="GoToUrlAssertUrlClickRunPayroll1ClickRunPayroll2ClickgetSuccessMsgClickUndoLastPayrollClickcl" time="40.801"/>
  <testcase classname="_1912.TC386_388_1912MiddleFPSWithHighSalary" name="GoToUrlAssertUrlClickRunPayroll1ClickRunPayroll2ClickgetSuccessMsgClickUndoLastPayrollClickc2" time="41.944"/>
  <testcase classname="_1912.TC386_388_1912MiddleFPSWithHighSalary" name="GoToUrlAssertUrlClickRunPayroll1ClickRunPayroll2ClickgetSuccessMsgClickUndoLastPayrollClickc3" time="40.861"/>
</testsuite> <!-- TC386_388_1912MiddleFPSWithHighSalary -->
