<?xml version="1.0" encoding="UTF-8"?>
<!-- Generated by org.testng.reporters.JUnitXMLReporter -->
<testsuite ignored="0" hostname="Nom-31" failures="0" tests="4" name="TC398_401PaymentofMonthwhen5" time="186.12" errors="0" timestamp="2021-12-06T17:56:51 IST">
  <testcase classname="_2078Test.TC398_401PaymentofMonthwhen5" name="GoToUrlAssertUrlPositiveEnterEnterUsernamePositiveEnterEnterpasswordClickLoginButtonGoToUrlAs1" time="45.666"/>
  <testcase classname="_2078Test.TC398_401PaymentofMonthwhen5" name="GoToUrlAssertUrlClickRunPayroll1ClickRunPayroll2ClickgetSuccessMsgClickUndoLastPayrollClickcl" time="36.916"/>
  <testcase classname="_2078Test.TC398_401PaymentofMonthwhen5" name="GoToUrlAssertUrlClickRunPayroll1ClickRunPayroll2ClickgetSuccessMsgClickUndoLastPayrollClickc2" time="47.577"/>
  <testcase classname="_2078Test.TC398_401PaymentofMonthwhen5" name="GoToUrlAssertUrlClickRunPayroll1ClickRunPayroll2ClickgetSuccessMsgClickUndoLastPayrollClickc4" time="37.707"/>
</testsuite> <!-- TC398_401PaymentofMonthwhen5 -->
