<?xml version="1.0" encoding="UTF-8"?>
<!-- Generated by org.testng.reporters.JUnitXMLReporter -->
<testsuite ignored="0" hostname="Nom-31" failures="0" tests="1" name="TC40subscriptweeklyemployeeTS6" time="58.513" errors="0" timestamp="2021-12-06T13:32:20 IST">
  <testcase classname="frequencytest.TC40subscriptweeklyemployeeTS6" name="GoToUrlAssertUrlPositiveEnterEnterUsernamePositiveEnterEnterpasswordClickLoginButtonGoToUrlAs1" time="55.104"/>
</testsuite> <!-- TC40subscriptweeklyemployeeTS6 -->
