<?xml version="1.0" encoding="UTF-8"?>
<!-- Generated by org.testng.reporters.JUnitXMLReporter -->
<testsuite ignored="0" hostname="Nom-31" failures="0" tests="4" name="TC402_405PaymentofMonthwhen4" time="178.395" errors="0" timestamp="2021-12-21T07:36:27 IST">
  <testcase classname="_2078Test.TC402_405PaymentofMonthwhen4" name="GoToUrlAssertUrlPositiveEnterEnterUsernamePositiveEnterEnterpasswordClickLoginButtonGoToUrlAs1" time="53.449"/>
  <testcase classname="_2078Test.TC402_405PaymentofMonthwhen4" name="GoToUrlAssertUrlClickRunPayroll1ClickRunPayroll2ClickgetSuccessMsgClickUndoLastPayrollClickcl" time="40.384"/>
  <testcase classname="_2078Test.TC402_405PaymentofMonthwhen4" name="GoToUrlAssertUrlClickRunPayroll1ClickRunPayroll2ClickgetSuccessMsgClickUndoLastPayrollClickc2" time="37.546"/>
  <testcase classname="_2078Test.TC402_405PaymentofMonthwhen4" name="GoToUrlAssertUrlClickRunPayroll1ClickRunPayroll2ClickgetSuccessMsgClickUndoLastPayrollClickc4" time="37.722"/>
</testsuite> <!-- TC402_405PaymentofMonthwhen4 -->
