<?xml version="1.0" encoding="UTF-8"?>
<!-- Generated by org.testng.reporters.JUnitXMLReporter -->
<testsuite ignored="0" hostname="Nom-31" failures="0" tests="1" name="TC41subscriptweeklyemployeeleaverTS7" time="46.747" errors="0" timestamp="2021-12-21T03:15:38 IST">
  <testcase classname="frequencytest.TC41subscriptweeklyemployeeleaverTS7" name="GoToUrlAssertUrlPositiveEnterEnterUsernamePositiveEnterEnterpasswordClickLoginButtonGoToUrlAs1" time="44.515"/>
</testsuite> <!-- TC41subscriptweeklyemployeeleaverTS7 -->
