<?xml version="1.0" encoding="UTF-8"?>
<!-- Generated by org.testng.reporters.JUnitXMLReporter -->
<testsuite ignored="0" hostname="Nom-31" failures="0" tests="1" name="TC41subscriptweeklyemployeeleaverTS7" time="51.615" errors="0" timestamp="2021-11-10T19:51:45 IST">
  <testcase classname="frequencytest.TC41subscriptweeklyemployeeleaverTS7" name="GoToUrlAssertUrlPositiveEnterEnterUsernamePositiveEnterEnterpasswordClickLoginButtonGoToUrlAs1" time="48.816"/>
</testsuite> <!-- TC41subscriptweeklyemployeeleaverTS7 -->
