<?xml version="1.0" encoding="UTF-8"?>
<!-- Generated by org.testng.reporters.JUnitXMLReporter -->
<testsuite ignored="0" hostname="Nom-31" failures="0" tests="2" name="TC453_454EmailLogMainContact" time="97.922" errors="0" timestamp="2021-11-11T22:15:52 IST">
  <testcase classname="_2087EmailLog.TC453_454EmailLogMainContact" name="GoToUrlAssertUrlClickclickAllowancesSchemesClickmarkYesClickclickSaveClickgotoPayrollDashboard" time="49.189"/>
  <testcase classname="_2087EmailLog.TC453_454EmailLogMainContact" name="GoToUrlAssertUrlClickclickAllowancesSchemesClickmarkYesClickclickSaveClickgotoPayrollDashboard1" time="44.486"/>
</testsuite> <!-- TC453_454EmailLogMainContact -->
