<?xml version="1.0" encoding="UTF-8"?>
<!-- Generated by org.testng.reporters.JUnitXMLReporter -->
<testsuite ignored="0" hostname="Nom-31" failures="0" tests="1" name="TC464Under19AndnotApperentice" time="70.161" errors="0" timestamp="2021-11-11T01:11:51 IST">
  <testcase classname="AlertsForEmployeeAge.TC464Under19AndnotApperentice" name="GoToUrlAssertUrlPositiveEnterEnterUsernamePositiveEnterEnterpasswordClickLoginButtonGoToUrlAs" time="67.727"/>
</testsuite> <!-- TC464Under19AndnotApperentice -->
