<?xml version="1.0" encoding="UTF-8"?>
<!-- Generated by org.testng.reporters.JUnitXMLReporter -->
<testsuite ignored="0" hostname="Nom-31" failures="0" tests="1" name="TC475over21andEmpRateisBelowNMW" time="69.534" errors="0" timestamp="2021-11-11T01:24:24 IST">
  <testcase classname="AlertsForEmployeeAge.TC475over21andEmpRateisBelowNMW" name="GoToUrlAssertUrlPositiveEnterEnterUsernamePositiveEnterEnterpasswordClickLoginButtonGoToUrlAs" time="66.597"/>
</testsuite> <!-- TC475over21andEmpRateisBelowNMW -->
