<?xml version="1.0" encoding="UTF-8"?>
<!-- Generated by org.testng.reporters.JUnitXMLReporter -->
<testsuite ignored="0" hostname="Nom-31" failures="0" tests="1" name="TC474over21andEmpApperenticeInFirstYear" time="80.247" errors="0" timestamp="2022-01-30T22:08:16 IST">
  <testcase classname="AlertsForEmployeeAge.TC474over21andEmpApperenticeInFirstYear" name="GoToUrlAssertUrlPositiveEnterEnterUsernamePositiveEnterEnterpasswordClickLoginButtonGoToUrlAs" time="75.921"/>
</testsuite> <!-- TC474over21andEmpApperenticeInFirstYear -->
