<?xml version="1.0" encoding="UTF-8"?>
<!-- Generated by org.testng.reporters.JUnitXMLReporter -->
<testsuite ignored="0" hostname="Nom-31" failures="0" tests="1" name="TC471under18andEmpApperenticeInFirstYear" time="78.412" errors="0" timestamp="2022-01-30T22:04:19 IST">
  <testcase classname="AlertsForEmployeeAge.TC471under18andEmpApperenticeInFirstYear" name="GoToUrlAssertUrlPositiveEnterEnterUsernamePositiveEnterEnterpasswordClickLoginButtonGoToUrlAs" time="72.645"/>
</testsuite> <!-- TC471under18andEmpApperenticeInFirstYear -->
