<?xml version="1.0" encoding="UTF-8"?>
<!-- Generated by org.testng.reporters.JUnitXMLReporter -->
<testsuite ignored="0" hostname="Nom-31" failures="0" tests="1" name="TC477over26andEmpFirstYrApprenticeComplete" time="67.2" errors="0" timestamp="2021-11-11T01:26:40 IST">
  <testcase classname="AlertsForEmployeeAge.TC477over26andEmpFirstYrApprenticeComplete" name="GoToUrlAssertUrlPositiveEnterEnterUsernamePositiveEnterEnterpasswordClickLoginButtonGoToUrlAs" time="64.664"/>
</testsuite> <!-- TC477over26andEmpFirstYrApprenticeComplete -->
