<?xml version="1.0" encoding="UTF-8"?>
<!-- Generated by org.testng.reporters.JUnitXMLReporter -->
<testsuite ignored="0" hostname="Nom-31" failures="0" tests="1" name="TC483over22andEmpApperenticeafterFirstYear" time="69.305" errors="0" timestamp="2021-11-11T01:33:40 IST">
  <testcase classname="AlertsForEmployeeAge.TC483over22andEmpApperenticeafterFirstYear" name="GoToUrlAssertUrlPositiveEnterEnterUsernamePositiveEnterEnterpasswordClickLoginButtonGoToUrlAs" time="66.863"/>
</testsuite> <!-- TC483over22andEmpApperenticeafterFirstYear -->
