<?xml version="1.0" encoding="UTF-8"?>
<!-- Generated by org.testng.reporters.JUnitXMLReporter -->
<testsuite ignored="0" hostname="Nom-31" failures="0" tests="1" name="TC495UpcomingReturnViewWithPeriod60DaysOption" time="29.457" errors="0" timestamp="2021-11-11T01:43:50 IST">
  <testcase classname="_1744CISDSBTest.TC495UpcomingReturnViewWithPeriod60DaysOption" name="GoToUrlAssertUrlPositiveEnterEnterUsernamePositiveEnterEnterpasswordClickLoginButtonGoToUrlAs" time="26.53"/>
</testsuite> <!-- TC495UpcomingReturnViewWithPeriod60DaysOption -->
