<?xml version="1.0" encoding="UTF-8"?>
<!-- Generated by org.testng.reporters.JUnitXMLReporter -->
<testsuite ignored="0" hostname="Nom-31" failures="0" tests="1" name="TC503ContractorHaveNoBookkeepingAcount" time="25.195" errors="0" timestamp="2021-12-06T19:26:24 IST">
  <testcase classname="_1744CISDSBTest.TC503ContractorHaveNoBookkeepingAcount" name="GoToUrlAssertUrlPositiveEnterEnterUsernamePositiveEnterEnterpasswordClickLoginButtonGoToUrlAs" time="23.116"/>
</testsuite> <!-- TC503ContractorHaveNoBookkeepingAcount -->
