<?xml version="1.0" encoding="UTF-8"?>
<!-- Generated by org.testng.reporters.JUnitXMLReporter -->
<testsuite ignored="0" hostname="Nom-31" failures="0" tests="1" name="TC50subscriptChngfrqMtoFortnightly" time="71.196" errors="0" timestamp="2022-03-10T21:50:29 IST">
  <testcase classname="frequencytest.TC50subscriptChngfrqMtoFortnightly" name="GoToUrlAssertUrlPositiveEnterEnterUsernamePositiveEnterEnterpasswordClickLoginButtonGoToUrlAs1" time="68.649"/>
</testsuite> <!-- TC50subscriptChngfrqMtoFortnightly -->
