<?xml version="1.0" encoding="UTF-8"?>
<!-- Generated by org.testng.reporters.JUnitXMLReporter -->
<testsuite ignored="0" hostname="Nom-31" failures="0" tests="1" name="TC511ContractorListInaccountManager" time="37.747" errors="0" timestamp="2021-12-06T19:30:10 IST">
  <testcase classname="_1744CISDSBTest.TC511ContractorListInaccountManager" name="GoToUrlAssertUrlPositiveEnterEnterUsernamePositiveEnterEnterpasswordClickLoginButtonGoToUrlAs" time="35.651"/>
</testsuite> <!-- TC511ContractorListInaccountManager -->
