<?xml version="1.0" encoding="UTF-8"?>
<!-- Generated by org.testng.reporters.JUnitXMLReporter -->
<testsuite ignored="0" hostname="Nom-31" failures="0" tests="1" name="TC513ContractorNotAllocatedList" time="34.401" errors="0" timestamp="2021-12-21T09:06:11 IST">
  <testcase classname="_1744CISDSBTest.TC513ContractorNotAllocatedList" name="GoToUrlAssertUrlPositiveEnterEnterUsernamePositiveEnterEnterpasswordClickLoginButtonGoToUrlAs" time="32.179"/>
</testsuite> <!-- TC513ContractorNotAllocatedList -->
