<?xml version="1.0" encoding="UTF-8"?>
<!-- Generated by org.testng.reporters.JUnitXMLReporter -->
<testsuite ignored="0" hostname="Nom-31" failures="0" tests="1" name="TC53subscriptMulfreqQPSdisable" time="63.799" errors="0" timestamp="2021-11-10T20:26:49 IST">
  <testcase classname="Quaterly_Paye_Scheme_test.TC53subscriptMulfreqQPSdisable" name="GoToUrlAssertUrlPositiveEnterEnterUsernamePositiveEnterEnterpasswordClickLoginButtonGoToUrlAs" time="60.811"/>
</testsuite> <!-- TC53subscriptMulfreqQPSdisable -->
