<?xml version="1.0" encoding="UTF-8"?>
<!-- Generated by org.testng.reporters.JUnitXMLReporter -->
<testsuite ignored="0" hostname="Nom-31" failures="0" tests="1" name="TC54subScriptWklytoMnth_DefaultProfile" time="79.927" errors="0" timestamp="2021-12-06T13:39:43 IST">
  <testcase classname="frequencytest.TC54subScriptWklytoMnth_DefaultProfile" name="GoToUrlAssertUrlPositiveEnterEnterUsernamePositiveEnterEnterpasswordClickLoginButtonGoToUrlAs1" time="76.848"/>
</testsuite> <!-- TC54subScriptWklytoMnth_DefaultProfile -->
