<?xml version="1.0" encoding="UTF-8"?>
<!-- Generated by org.testng.reporters.JUnitXMLReporter -->
<testsuite ignored="0" hostname="Nom-31" failures="0" tests="1" name="TC620PDFProtectionwithEmployerSummaryEEMain" time="65.508" errors="0" timestamp="2022-01-10T18:32:18 IST">
  <testcase classname="_2128AutoPayProtection.TC620PDFProtectionwithEmployerSummaryEEMain" name="GoToUrlAssertUrlPositiveEnterEnterUsernamePositiveEnterEnterpasswordClickLoginButtonGoToUrlAs" time="63.461"/>
</testsuite> <!-- TC620PDFProtectionwithEmployerSummaryEEMain -->
