<?xml version="1.0" encoding="UTF-8"?>
<!-- Generated by org.testng.reporters.JUnitXMLReporter -->
<testsuite ignored="0" hostname="Nom-31" failures="0" tests="1" name="TC65QualifiedforSmallerEmployer2022_DefaultProfile" time="50.601" errors="0" timestamp="2022-01-30T17:20:41 IST">
  <testcase classname="SmallerEmployertest.TC65QualifiedforSmallerEmployer2022_DefaultProfile" name="GoToUrlAssertUrlClickclickAllowancesSchemesClickselectYestosmallERClickselectNotosmallERClickc" time="47.709"/>
</testsuite> <!-- TC65QualifiedforSmallerEmployer2022_DefaultProfile -->
