<?xml version="1.0" encoding="UTF-8"?>
<!-- Generated by org.testng.reporters.JUnitXMLReporter -->
<testsuite ignored="0" hostname="Nom-31" failures="0" tests="1" name="TC67NotQualifiedforSmallerEmployerbutSuccess_DefaultProfile" time="44.638" errors="0" timestamp="2021-12-21T04:03:02 IST">
  <testcase classname="SmallerEmployertest.TC67NotQualifiedforSmallerEmployerbutSuccess_DefaultProfile" name="GoToUrlAssertUrlClickclickAllowancesSchemesClickselectYestosmallERClickselectNotosmallERClickc" time="42.287"/>
</testsuite> <!-- TC67NotQualifiedforSmallerEmployerbutSuccess_DefaultProfile -->
