<?xml version="1.0" encoding="UTF-8"?>
<!-- Generated by org.testng.reporters.JUnitXMLReporter -->
<testsuite ignored="0" hostname="Nom-31" failures="0" tests="1" name="TC68MidYearQualifiedforSmallerEmployer_DefaultProfile" time="41.088" errors="0" timestamp="2021-12-21T04:03:43 IST">
  <testcase classname="SmallerEmployertest.TC68MidYearQualifiedforSmallerEmployer_DefaultProfile" name="GoToUrlAssertUrlClickclickAllowancesSchemesClickselectYestosmallERClickselectNotosmallERClickc" time="38.847"/>
</testsuite> <!-- TC68MidYearQualifiedforSmallerEmployer_DefaultProfile -->
