<?xml version="1.0" encoding="UTF-8"?>
<!-- Generated by org.testng.reporters.JUnitXMLReporter -->
<testsuite ignored="0" hostname="Nom-31" failures="0" tests="1" name="TC69subscriptPaymentmmgtwhenfreqMonthly" time="47.938" errors="0" timestamp="2021-12-06T13:57:39 IST">
  <testcase classname="PaymentManagement.TC69subscriptPaymentmmgtwhenfreqMonthly" name="GoToUrlAssertUrlPositiveEnterEnterUsernamePositiveEnterEnterpasswordClickLoginButtonGoToUrlAs" time="44.671"/>
</testsuite> <!-- TC69subscriptPaymentmmgtwhenfreqMonthly -->
