<?xml version="1.0" encoding="UTF-8"?>
<!-- Generated by org.testng.reporters.JUnitXMLReporter -->
<testsuite ignored="0" hostname="Nom-31" failures="0" tests="1" name="TC69subscriptPaymentmmgtwhenfreqMonthly" time="47.886" errors="0" timestamp="2021-12-21T03:40:35 IST">
  <testcase classname="PaymentManagement.TC69subscriptPaymentmmgtwhenfreqMonthly" name="GoToUrlAssertUrlPositiveEnterEnterUsernamePositiveEnterEnterpasswordClickLoginButtonGoToUrlAs" time="45.59"/>
</testsuite> <!-- TC69subscriptPaymentmmgtwhenfreqMonthly -->
