<?xml version="1.0" encoding="UTF-8"?>
<!-- Generated by org.testng.reporters.JUnitXMLReporter -->
<testsuite ignored="0" hostname="Nom-31" failures="0" tests="1" name="TC6CDJoiningBeforeTxYr_DefaultProfile" time="45.093" errors="0" timestamp="2021-05-20T02:48:34 IST">
  <testcase classname="Company_Director_Tests.TC6CDJoiningBeforeTxYr_DefaultProfile" name="GoToUrlAssertUrlClickgotoReportsClickclickP11ClickgetLELAmountClickgetPTAmountClickgetUELAmou" time="38.712"/>
</testsuite> <!-- TC6CDJoiningBeforeTxYr_DefaultProfile -->
