<?xml version="1.0" encoding="UTF-8"?>
<!-- Generated by org.testng.reporters.JUnitXMLReporter -->
<testsuite ignored="0" hostname="Nom-31" failures="0" tests="1" name="TC72subscriptPaymentmmgtwhenfreqFortnightly" time="49.089" errors="0" timestamp="2021-11-10T20:19:35 IST">
  <testcase classname="PaymentManagement.TC72subscriptPaymentmmgtwhenfreqFortnightly" name="GoToUrlAssertUrlPositiveEnterEnterUsernamePositiveEnterEnterpasswordClickLoginButtonGoToUrlAs" time="46.809"/>
</testsuite> <!-- TC72subscriptPaymentmmgtwhenfreqFortnightly -->
