<?xml version="1.0" encoding="UTF-8"?>
<!-- Generated by org.testng.reporters.JUnitXMLReporter -->
<testsuite ignored="0" hostname="Nom-31" failures="0" tests="1" name="TC73subscriptPaymentmmgtwhenfreqFourweekly" time="46.564" errors="0" timestamp="2021-12-21T03:43:45 IST">
  <testcase classname="PaymentManagement.TC73subscriptPaymentmmgtwhenfreqFourweekly" name="GoToUrlAssertUrlPositiveEnterEnterUsernamePositiveEnterEnterpasswordClickLoginButtonGoToUrlAs" time="44.636"/>
</testsuite> <!-- TC73subscriptPaymentmmgtwhenfreqFourweekly -->
