<?xml version="1.0" encoding="UTF-8"?>
<!-- Generated by org.testng.reporters.JUnitXMLReporter -->
<testsuite ignored="0" hostname="Nom-31" failures="0" tests="1" name="TC79CDBetweenTxYrLowFilingmngmnt_DefaultProfile" time="43.798" errors="0" timestamp="2022-03-10T21:30:28 IST">
  <testcase classname="Company_Director_Tests.TC79CDBetweenTxYrLowFilingmngmnt_DefaultProfile" name="GoToUrlAssertUrlClickgotoReportsClickclickP11ClickgetLELAmountClickgetPTAmountClickgetUELAmou" time="41.442"/>
</testsuite> <!-- TC79CDBetweenTxYrLowFilingmngmnt_DefaultProfile -->
