<?xml version="1.0" encoding="UTF-8"?>
<!-- Generated by org.testng.reporters.JUnitXMLReporter -->
<testsuite ignored="0" hostname="Nom-31" failures="0" tests="1" name="TC81CDResignBetweenTxYrLowFiling_DefaultProfile" time="45.817" errors="0" timestamp="2022-01-30T16:12:39 IST">
  <testcase classname="Company_Director_Tests.TC81CDResignBetweenTxYrLowFiling_DefaultProfile" name="GoToUrlAssertUrlClickgotoReportsClickclickP11ClickgetLELAmountClickgetPTAmountClickgetUELAmou" time="43.403"/>
</testsuite> <!-- TC81CDResignBetweenTxYrLowFiling_DefaultProfile -->
